ARM GAS  /tmp/ccLy1hWO.s 			page 1


   1              		.syntax unified
   2              		.cpu cortex-m0plus
   3              		.fpu softvfp
   4              		.eabi_attribute 20, 1
   5              		.eabi_attribute 21, 1
   6              		.eabi_attribute 23, 3
   7              		.eabi_attribute 24, 1
   8              		.eabi_attribute 25, 1
   9              		.eabi_attribute 26, 1
  10              		.eabi_attribute 30, 1
  11              		.eabi_attribute 34, 0
  12              		.eabi_attribute 18, 4
  13              		.thumb
  14              		.syntax unified
  15              		.file	"stm32l0xx_hal_gpio.c"
  16              		.text
  17              	.Ltext0:
  18              		.cfi_sections	.debug_frame
  19              		.section	.text.HAL_GPIO_Init,"ax",%progbits
  20              		.align	2
  21              		.global	HAL_GPIO_Init
  22              		.code	16
  23              		.thumb_func
  25              	HAL_GPIO_Init:
  26              	.LFB37:
  27              		.file 1 "Drivers/STM32L0xx_HAL_Driver/Src/stm32l0xx_hal_gpio.c"
   1:Drivers/STM32L0xx_HAL_Driver/Src/stm32l0xx_hal_gpio.c **** /**
   2:Drivers/STM32L0xx_HAL_Driver/Src/stm32l0xx_hal_gpio.c ****   ******************************************************************************
   3:Drivers/STM32L0xx_HAL_Driver/Src/stm32l0xx_hal_gpio.c ****   * @file    stm32l0xx_hal_gpio.c
   4:Drivers/STM32L0xx_HAL_Driver/Src/stm32l0xx_hal_gpio.c ****   * @author  MCD Application Team
   5:Drivers/STM32L0xx_HAL_Driver/Src/stm32l0xx_hal_gpio.c ****   * @version V1.8.1
   6:Drivers/STM32L0xx_HAL_Driver/Src/stm32l0xx_hal_gpio.c ****   * @date    14-April-2017
   7:Drivers/STM32L0xx_HAL_Driver/Src/stm32l0xx_hal_gpio.c ****   * @brief   GPIO HAL module driver.  
   8:Drivers/STM32L0xx_HAL_Driver/Src/stm32l0xx_hal_gpio.c ****   *          This file provides firmware functions to manage the following 
   9:Drivers/STM32L0xx_HAL_Driver/Src/stm32l0xx_hal_gpio.c ****   *          functionalities of the General Purpose Input/Output (GPIO) peripheral:
  10:Drivers/STM32L0xx_HAL_Driver/Src/stm32l0xx_hal_gpio.c ****   *           + Initialization and de-initialization functions
  11:Drivers/STM32L0xx_HAL_Driver/Src/stm32l0xx_hal_gpio.c ****   *           + IO operation functions
  12:Drivers/STM32L0xx_HAL_Driver/Src/stm32l0xx_hal_gpio.c ****   *         
  13:Drivers/STM32L0xx_HAL_Driver/Src/stm32l0xx_hal_gpio.c ****   @verbatim
  14:Drivers/STM32L0xx_HAL_Driver/Src/stm32l0xx_hal_gpio.c ****   ==============================================================================
  15:Drivers/STM32L0xx_HAL_Driver/Src/stm32l0xx_hal_gpio.c ****                     ##### GPIO Peripheral features #####
  16:Drivers/STM32L0xx_HAL_Driver/Src/stm32l0xx_hal_gpio.c ****   ==============================================================================
  17:Drivers/STM32L0xx_HAL_Driver/Src/stm32l0xx_hal_gpio.c ****   [..] 
  18:Drivers/STM32L0xx_HAL_Driver/Src/stm32l0xx_hal_gpio.c ****     (+) Each port bit of the general-purpose I/O (GPIO) ports can be individually 
  19:Drivers/STM32L0xx_HAL_Driver/Src/stm32l0xx_hal_gpio.c ****   configured by software in several modes:
  20:Drivers/STM32L0xx_HAL_Driver/Src/stm32l0xx_hal_gpio.c ****         (++) Input mode 
  21:Drivers/STM32L0xx_HAL_Driver/Src/stm32l0xx_hal_gpio.c ****         (++) Analog mode
  22:Drivers/STM32L0xx_HAL_Driver/Src/stm32l0xx_hal_gpio.c ****         (++) Output mode
  23:Drivers/STM32L0xx_HAL_Driver/Src/stm32l0xx_hal_gpio.c ****         (++) Alternate function mode
  24:Drivers/STM32L0xx_HAL_Driver/Src/stm32l0xx_hal_gpio.c ****         (++) External interrupt/event lines
  25:Drivers/STM32L0xx_HAL_Driver/Src/stm32l0xx_hal_gpio.c ****  
  26:Drivers/STM32L0xx_HAL_Driver/Src/stm32l0xx_hal_gpio.c ****     (+) During and just after reset, the alternate functions and external interrupt  
  27:Drivers/STM32L0xx_HAL_Driver/Src/stm32l0xx_hal_gpio.c ****   lines are not active and the I/O ports are configured in input floating mode.
  28:Drivers/STM32L0xx_HAL_Driver/Src/stm32l0xx_hal_gpio.c ****   
  29:Drivers/STM32L0xx_HAL_Driver/Src/stm32l0xx_hal_gpio.c ****     (+) All GPIO pins have weak internal pull-up and pull-down resistors, which can be 
  30:Drivers/STM32L0xx_HAL_Driver/Src/stm32l0xx_hal_gpio.c ****   activated or not.
  31:Drivers/STM32L0xx_HAL_Driver/Src/stm32l0xx_hal_gpio.c **** 
ARM GAS  /tmp/ccLy1hWO.s 			page 2


  32:Drivers/STM32L0xx_HAL_Driver/Src/stm32l0xx_hal_gpio.c ****     (+) In Output or Alternate mode, each IO can be configured on open-drain or push-pull
  33:Drivers/STM32L0xx_HAL_Driver/Src/stm32l0xx_hal_gpio.c ****   type and the IO speed can be selected depending on the VDD value.
  34:Drivers/STM32L0xx_HAL_Driver/Src/stm32l0xx_hal_gpio.c ****   
  35:Drivers/STM32L0xx_HAL_Driver/Src/stm32l0xx_hal_gpio.c ****     (+) The microcontroller IO pins are connected to onboard peripherals/modules through a 
  36:Drivers/STM32L0xx_HAL_Driver/Src/stm32l0xx_hal_gpio.c ****         multiplexer that allows only one peripheral alternate function (AF) connected 
  37:Drivers/STM32L0xx_HAL_Driver/Src/stm32l0xx_hal_gpio.c ****   to an IO pin at a time. In this way, there can be no conflict between peripherals 
  38:Drivers/STM32L0xx_HAL_Driver/Src/stm32l0xx_hal_gpio.c ****   sharing the same IO pin. 
  39:Drivers/STM32L0xx_HAL_Driver/Src/stm32l0xx_hal_gpio.c **** 
  40:Drivers/STM32L0xx_HAL_Driver/Src/stm32l0xx_hal_gpio.c ****     (+) All ports have external interrupt/event capability. To use external interrupt 
  41:Drivers/STM32L0xx_HAL_Driver/Src/stm32l0xx_hal_gpio.c ****   lines, the port must be configured in input mode. All available GPIO pins are 
  42:Drivers/STM32L0xx_HAL_Driver/Src/stm32l0xx_hal_gpio.c ****   connected to the 16 external interrupt/event lines from EXTI0 to EXTI15.
  43:Drivers/STM32L0xx_HAL_Driver/Src/stm32l0xx_hal_gpio.c ****   
  44:Drivers/STM32L0xx_HAL_Driver/Src/stm32l0xx_hal_gpio.c ****     (+) The external interrupt/event controller consists of up to 28 edge detectors
  45:Drivers/STM32L0xx_HAL_Driver/Src/stm32l0xx_hal_gpio.c ****   (16 lines are connected to GPIO) for generating event/interrupt requests (each 
  46:Drivers/STM32L0xx_HAL_Driver/Src/stm32l0xx_hal_gpio.c ****   input line can be independently configured to select the type (interrupt or event) 
  47:Drivers/STM32L0xx_HAL_Driver/Src/stm32l0xx_hal_gpio.c ****   and the corresponding trigger event (rising or falling or both). Each line can 
  48:Drivers/STM32L0xx_HAL_Driver/Src/stm32l0xx_hal_gpio.c ****   also be masked independently. 
  49:Drivers/STM32L0xx_HAL_Driver/Src/stm32l0xx_hal_gpio.c ****   
  50:Drivers/STM32L0xx_HAL_Driver/Src/stm32l0xx_hal_gpio.c ****                      ##### How to use this driver #####
  51:Drivers/STM32L0xx_HAL_Driver/Src/stm32l0xx_hal_gpio.c ****   ==============================================================================  
  52:Drivers/STM32L0xx_HAL_Driver/Src/stm32l0xx_hal_gpio.c ****   [..]             
  53:Drivers/STM32L0xx_HAL_Driver/Src/stm32l0xx_hal_gpio.c ****     (#) Enable the GPIO IOPORT clock using the following function: __HAL_RCC_GPIOx_CLK_ENABLE(). 
  54:Drivers/STM32L0xx_HAL_Driver/Src/stm32l0xx_hal_gpio.c **** 
  55:Drivers/STM32L0xx_HAL_Driver/Src/stm32l0xx_hal_gpio.c ****     (#) Configure the GPIO pin(s) using HAL_GPIO_Init().
  56:Drivers/STM32L0xx_HAL_Driver/Src/stm32l0xx_hal_gpio.c ****         (++) Configure the IO mode using "Mode" member from GPIO_InitTypeDef structure
  57:Drivers/STM32L0xx_HAL_Driver/Src/stm32l0xx_hal_gpio.c ****         (++) Activate Pull-up, Pull-down resistor using "Pull" member from GPIO_InitTypeDef 
  58:Drivers/STM32L0xx_HAL_Driver/Src/stm32l0xx_hal_gpio.c ****              structure.
  59:Drivers/STM32L0xx_HAL_Driver/Src/stm32l0xx_hal_gpio.c ****         (++) In case of Output or alternate function mode selection: the speed is 
  60:Drivers/STM32L0xx_HAL_Driver/Src/stm32l0xx_hal_gpio.c ****              configured through "Speed" member from GPIO_InitTypeDef structure.
  61:Drivers/STM32L0xx_HAL_Driver/Src/stm32l0xx_hal_gpio.c ****         (++) In alternate mode is selection, the alternate function connected to the IO
  62:Drivers/STM32L0xx_HAL_Driver/Src/stm32l0xx_hal_gpio.c ****              is configured through "Alternate" member from GPIO_InitTypeDef structure.
  63:Drivers/STM32L0xx_HAL_Driver/Src/stm32l0xx_hal_gpio.c ****         (++) Analog mode is required when a pin is to be used as ADC channel 
  64:Drivers/STM32L0xx_HAL_Driver/Src/stm32l0xx_hal_gpio.c ****              or DAC output.
  65:Drivers/STM32L0xx_HAL_Driver/Src/stm32l0xx_hal_gpio.c ****         (++) In case of external interrupt/event selection the "Mode" member from 
  66:Drivers/STM32L0xx_HAL_Driver/Src/stm32l0xx_hal_gpio.c ****              GPIO_InitTypeDef structure select the type (interrupt or event) and 
  67:Drivers/STM32L0xx_HAL_Driver/Src/stm32l0xx_hal_gpio.c ****              the corresponding trigger event (rising or falling or both).
  68:Drivers/STM32L0xx_HAL_Driver/Src/stm32l0xx_hal_gpio.c ****    
  69:Drivers/STM32L0xx_HAL_Driver/Src/stm32l0xx_hal_gpio.c ****     (#) In case of external interrupt/event mode selection, configure NVIC IRQ priority 
  70:Drivers/STM32L0xx_HAL_Driver/Src/stm32l0xx_hal_gpio.c ****         mapped to the EXTI line using HAL_NVIC_SetPriority() and enable it using
  71:Drivers/STM32L0xx_HAL_Driver/Src/stm32l0xx_hal_gpio.c ****         HAL_NVIC_EnableIRQ().
  72:Drivers/STM32L0xx_HAL_Driver/Src/stm32l0xx_hal_gpio.c ****          
  73:Drivers/STM32L0xx_HAL_Driver/Src/stm32l0xx_hal_gpio.c ****    (#) HAL_GPIO_DeInit allows to set register values to their reset value. This function
  74:Drivers/STM32L0xx_HAL_Driver/Src/stm32l0xx_hal_gpio.c ****        is also to be used when unconfiguring pin which was used as an external interrupt
  75:Drivers/STM32L0xx_HAL_Driver/Src/stm32l0xx_hal_gpio.c ****        or in event mode. That is the only way to reset the corresponding bit in
  76:Drivers/STM32L0xx_HAL_Driver/Src/stm32l0xx_hal_gpio.c ****        EXTI & SYSCFG registers.
  77:Drivers/STM32L0xx_HAL_Driver/Src/stm32l0xx_hal_gpio.c **** 
  78:Drivers/STM32L0xx_HAL_Driver/Src/stm32l0xx_hal_gpio.c ****     (#) To get the level of a pin configured in input mode use HAL_GPIO_ReadPin().
  79:Drivers/STM32L0xx_HAL_Driver/Src/stm32l0xx_hal_gpio.c ****             
  80:Drivers/STM32L0xx_HAL_Driver/Src/stm32l0xx_hal_gpio.c ****     (#) To set/reset the level of a pin configured in output mode use 
  81:Drivers/STM32L0xx_HAL_Driver/Src/stm32l0xx_hal_gpio.c ****         HAL_GPIO_WritePin()/HAL_GPIO_TogglePin().
  82:Drivers/STM32L0xx_HAL_Driver/Src/stm32l0xx_hal_gpio.c **** 
  83:Drivers/STM32L0xx_HAL_Driver/Src/stm32l0xx_hal_gpio.c ****     (#) To lock pin configuration until next reset use HAL_GPIO_LockPin().
  84:Drivers/STM32L0xx_HAL_Driver/Src/stm32l0xx_hal_gpio.c **** 
  85:Drivers/STM32L0xx_HAL_Driver/Src/stm32l0xx_hal_gpio.c ****     (#) During and just after reset, the alternate functions are not 
  86:Drivers/STM32L0xx_HAL_Driver/Src/stm32l0xx_hal_gpio.c ****         active and the GPIO pins are configured in input floating mode (except JTAG
  87:Drivers/STM32L0xx_HAL_Driver/Src/stm32l0xx_hal_gpio.c ****         pins).
  88:Drivers/STM32L0xx_HAL_Driver/Src/stm32l0xx_hal_gpio.c ****   
ARM GAS  /tmp/ccLy1hWO.s 			page 3


  89:Drivers/STM32L0xx_HAL_Driver/Src/stm32l0xx_hal_gpio.c ****     (#) The LSE oscillator pins OSC32_IN and OSC32_OUT can be used as general purpose 
  90:Drivers/STM32L0xx_HAL_Driver/Src/stm32l0xx_hal_gpio.c ****         (PC14 and PC15, respectively) when the LSE oscillator is off. The LSE has 
  91:Drivers/STM32L0xx_HAL_Driver/Src/stm32l0xx_hal_gpio.c ****         priority over the GPIO function.
  92:Drivers/STM32L0xx_HAL_Driver/Src/stm32l0xx_hal_gpio.c ****   
  93:Drivers/STM32L0xx_HAL_Driver/Src/stm32l0xx_hal_gpio.c ****     (#) The HSE oscillator pins OSC_IN/OSC_OUT can be used as 
  94:Drivers/STM32L0xx_HAL_Driver/Src/stm32l0xx_hal_gpio.c ****         general purpose PH0 and PH1, respectively, when the HSE oscillator is off. 
  95:Drivers/STM32L0xx_HAL_Driver/Src/stm32l0xx_hal_gpio.c ****         The HSE has priority over the GPIO function.
  96:Drivers/STM32L0xx_HAL_Driver/Src/stm32l0xx_hal_gpio.c ****   
  97:Drivers/STM32L0xx_HAL_Driver/Src/stm32l0xx_hal_gpio.c ****   @endverbatim
  98:Drivers/STM32L0xx_HAL_Driver/Src/stm32l0xx_hal_gpio.c ****   ******************************************************************************
  99:Drivers/STM32L0xx_HAL_Driver/Src/stm32l0xx_hal_gpio.c ****   * @attention
 100:Drivers/STM32L0xx_HAL_Driver/Src/stm32l0xx_hal_gpio.c ****   *
 101:Drivers/STM32L0xx_HAL_Driver/Src/stm32l0xx_hal_gpio.c ****   * <h2><center>&copy; COPYRIGHT(c) 2016 STMicroelectronics</center></h2>
 102:Drivers/STM32L0xx_HAL_Driver/Src/stm32l0xx_hal_gpio.c ****   *
 103:Drivers/STM32L0xx_HAL_Driver/Src/stm32l0xx_hal_gpio.c ****   * Redistribution and use in source and binary forms, with or without modification,
 104:Drivers/STM32L0xx_HAL_Driver/Src/stm32l0xx_hal_gpio.c ****   * are permitted provided that the following conditions are met:
 105:Drivers/STM32L0xx_HAL_Driver/Src/stm32l0xx_hal_gpio.c ****   *   1. Redistributions of source code must retain the above copyright notice,
 106:Drivers/STM32L0xx_HAL_Driver/Src/stm32l0xx_hal_gpio.c ****   *      this list of conditions and the following disclaimer.
 107:Drivers/STM32L0xx_HAL_Driver/Src/stm32l0xx_hal_gpio.c ****   *   2. Redistributions in binary form must reproduce the above copyright notice,
 108:Drivers/STM32L0xx_HAL_Driver/Src/stm32l0xx_hal_gpio.c ****   *      this list of conditions and the following disclaimer in the documentation
 109:Drivers/STM32L0xx_HAL_Driver/Src/stm32l0xx_hal_gpio.c ****   *      and/or other materials provided with the distribution.
 110:Drivers/STM32L0xx_HAL_Driver/Src/stm32l0xx_hal_gpio.c ****   *   3. Neither the name of STMicroelectronics nor the names of its contributors
 111:Drivers/STM32L0xx_HAL_Driver/Src/stm32l0xx_hal_gpio.c ****   *      may be used to endorse or promote products derived from this software
 112:Drivers/STM32L0xx_HAL_Driver/Src/stm32l0xx_hal_gpio.c ****   *      without specific prior written permission.
 113:Drivers/STM32L0xx_HAL_Driver/Src/stm32l0xx_hal_gpio.c ****   *
 114:Drivers/STM32L0xx_HAL_Driver/Src/stm32l0xx_hal_gpio.c ****   * THIS SOFTWARE IS PROVIDED BY THE COPYRIGHT HOLDERS AND CONTRIBUTORS "AS IS"
 115:Drivers/STM32L0xx_HAL_Driver/Src/stm32l0xx_hal_gpio.c ****   * AND ANY EXPRESS OR IMPLIED WARRANTIES, INCLUDING, BUT NOT LIMITED TO, THE
 116:Drivers/STM32L0xx_HAL_Driver/Src/stm32l0xx_hal_gpio.c ****   * IMPLIED WARRANTIES OF MERCHANTABILITY AND FITNESS FOR A PARTICULAR PURPOSE ARE
 117:Drivers/STM32L0xx_HAL_Driver/Src/stm32l0xx_hal_gpio.c ****   * DISCLAIMED. IN NO EVENT SHALL THE COPYRIGHT HOLDER OR CONTRIBUTORS BE LIABLE
 118:Drivers/STM32L0xx_HAL_Driver/Src/stm32l0xx_hal_gpio.c ****   * FOR ANY DIRECT, INDIRECT, INCIDENTAL, SPECIAL, EXEMPLARY, OR CONSEQUENTIAL
 119:Drivers/STM32L0xx_HAL_Driver/Src/stm32l0xx_hal_gpio.c ****   * DAMAGES (INCLUDING, BUT NOT LIMITED TO, PROCUREMENT OF SUBSTITUTE GOODS OR
 120:Drivers/STM32L0xx_HAL_Driver/Src/stm32l0xx_hal_gpio.c ****   * SERVICES; LOSS OF USE, DATA, OR PROFITS; OR BUSINESS INTERRUPTION) HOWEVER
 121:Drivers/STM32L0xx_HAL_Driver/Src/stm32l0xx_hal_gpio.c ****   * CAUSED AND ON ANY THEORY OF LIABILITY, WHETHER IN CONTRACT, STRICT LIABILITY,
 122:Drivers/STM32L0xx_HAL_Driver/Src/stm32l0xx_hal_gpio.c ****   * OR TORT (INCLUDING NEGLIGENCE OR OTHERWISE) ARISING IN ANY WAY OUT OF THE USE
 123:Drivers/STM32L0xx_HAL_Driver/Src/stm32l0xx_hal_gpio.c ****   * OF THIS SOFTWARE, EVEN IF ADVISED OF THE POSSIBILITY OF SUCH DAMAGE.
 124:Drivers/STM32L0xx_HAL_Driver/Src/stm32l0xx_hal_gpio.c ****   *
 125:Drivers/STM32L0xx_HAL_Driver/Src/stm32l0xx_hal_gpio.c ****   ******************************************************************************  
 126:Drivers/STM32L0xx_HAL_Driver/Src/stm32l0xx_hal_gpio.c ****   */ 
 127:Drivers/STM32L0xx_HAL_Driver/Src/stm32l0xx_hal_gpio.c **** 
 128:Drivers/STM32L0xx_HAL_Driver/Src/stm32l0xx_hal_gpio.c **** /* Includes ------------------------------------------------------------------*/
 129:Drivers/STM32L0xx_HAL_Driver/Src/stm32l0xx_hal_gpio.c **** #include "stm32l0xx_hal.h"
 130:Drivers/STM32L0xx_HAL_Driver/Src/stm32l0xx_hal_gpio.c **** 
 131:Drivers/STM32L0xx_HAL_Driver/Src/stm32l0xx_hal_gpio.c **** /** @addtogroup STM32L0xx_HAL_Driver
 132:Drivers/STM32L0xx_HAL_Driver/Src/stm32l0xx_hal_gpio.c ****   * @{
 133:Drivers/STM32L0xx_HAL_Driver/Src/stm32l0xx_hal_gpio.c ****   */
 134:Drivers/STM32L0xx_HAL_Driver/Src/stm32l0xx_hal_gpio.c **** 
 135:Drivers/STM32L0xx_HAL_Driver/Src/stm32l0xx_hal_gpio.c **** #ifdef HAL_GPIO_MODULE_ENABLED
 136:Drivers/STM32L0xx_HAL_Driver/Src/stm32l0xx_hal_gpio.c **** 
 137:Drivers/STM32L0xx_HAL_Driver/Src/stm32l0xx_hal_gpio.c **** /** @addtogroup GPIO
 138:Drivers/STM32L0xx_HAL_Driver/Src/stm32l0xx_hal_gpio.c ****   * @brief GPIO HAL module driver
 139:Drivers/STM32L0xx_HAL_Driver/Src/stm32l0xx_hal_gpio.c ****   * @{
 140:Drivers/STM32L0xx_HAL_Driver/Src/stm32l0xx_hal_gpio.c ****   */
 141:Drivers/STM32L0xx_HAL_Driver/Src/stm32l0xx_hal_gpio.c **** 
 142:Drivers/STM32L0xx_HAL_Driver/Src/stm32l0xx_hal_gpio.c **** /** @addtogroup GPIO_Private
 143:Drivers/STM32L0xx_HAL_Driver/Src/stm32l0xx_hal_gpio.c ****   * @{
 144:Drivers/STM32L0xx_HAL_Driver/Src/stm32l0xx_hal_gpio.c ****   */
 145:Drivers/STM32L0xx_HAL_Driver/Src/stm32l0xx_hal_gpio.c **** /* Private define ------------------------------------------------------------*/
ARM GAS  /tmp/ccLy1hWO.s 			page 4


 146:Drivers/STM32L0xx_HAL_Driver/Src/stm32l0xx_hal_gpio.c **** 
 147:Drivers/STM32L0xx_HAL_Driver/Src/stm32l0xx_hal_gpio.c ****  
 148:Drivers/STM32L0xx_HAL_Driver/Src/stm32l0xx_hal_gpio.c **** #define GPIO_MODE             ((uint32_t)0x00000003U)
 149:Drivers/STM32L0xx_HAL_Driver/Src/stm32l0xx_hal_gpio.c **** #define EXTI_MODE             ((uint32_t)0x10000000U)
 150:Drivers/STM32L0xx_HAL_Driver/Src/stm32l0xx_hal_gpio.c **** #define GPIO_MODE_IT          ((uint32_t)0x00010000U)
 151:Drivers/STM32L0xx_HAL_Driver/Src/stm32l0xx_hal_gpio.c **** #define GPIO_MODE_EVT         ((uint32_t)0x00020000U)
 152:Drivers/STM32L0xx_HAL_Driver/Src/stm32l0xx_hal_gpio.c **** #define RISING_EDGE           ((uint32_t)0x00100000U) 
 153:Drivers/STM32L0xx_HAL_Driver/Src/stm32l0xx_hal_gpio.c **** #define FALLING_EDGE          ((uint32_t)0x00200000U) 
 154:Drivers/STM32L0xx_HAL_Driver/Src/stm32l0xx_hal_gpio.c **** #define GPIO_OUTPUT_TYPE      ((uint32_t)0x00000010U)
 155:Drivers/STM32L0xx_HAL_Driver/Src/stm32l0xx_hal_gpio.c **** 
 156:Drivers/STM32L0xx_HAL_Driver/Src/stm32l0xx_hal_gpio.c **** #define GPIO_NUMBER           ((uint32_t)16U)
 157:Drivers/STM32L0xx_HAL_Driver/Src/stm32l0xx_hal_gpio.c **** 
 158:Drivers/STM32L0xx_HAL_Driver/Src/stm32l0xx_hal_gpio.c **** /**
 159:Drivers/STM32L0xx_HAL_Driver/Src/stm32l0xx_hal_gpio.c ****   * @}
 160:Drivers/STM32L0xx_HAL_Driver/Src/stm32l0xx_hal_gpio.c ****   */
 161:Drivers/STM32L0xx_HAL_Driver/Src/stm32l0xx_hal_gpio.c **** /** @addtogroup GPIO_Exported_Functions
 162:Drivers/STM32L0xx_HAL_Driver/Src/stm32l0xx_hal_gpio.c ****   * @{
 163:Drivers/STM32L0xx_HAL_Driver/Src/stm32l0xx_hal_gpio.c ****   */
 164:Drivers/STM32L0xx_HAL_Driver/Src/stm32l0xx_hal_gpio.c **** 
 165:Drivers/STM32L0xx_HAL_Driver/Src/stm32l0xx_hal_gpio.c **** /** @addtogroup GPIO_Exported_Functions_Group1
 166:Drivers/STM32L0xx_HAL_Driver/Src/stm32l0xx_hal_gpio.c ****  *  @brief    Initialization and de-initialization functions
 167:Drivers/STM32L0xx_HAL_Driver/Src/stm32l0xx_hal_gpio.c ****  *
 168:Drivers/STM32L0xx_HAL_Driver/Src/stm32l0xx_hal_gpio.c **** @verbatim
 169:Drivers/STM32L0xx_HAL_Driver/Src/stm32l0xx_hal_gpio.c ****  ===============================================================================
 170:Drivers/STM32L0xx_HAL_Driver/Src/stm32l0xx_hal_gpio.c ****               ##### Initialization and de-initialization functions #####
 171:Drivers/STM32L0xx_HAL_Driver/Src/stm32l0xx_hal_gpio.c ****  ===============================================================================
 172:Drivers/STM32L0xx_HAL_Driver/Src/stm32l0xx_hal_gpio.c ****  
 173:Drivers/STM32L0xx_HAL_Driver/Src/stm32l0xx_hal_gpio.c **** @endverbatim
 174:Drivers/STM32L0xx_HAL_Driver/Src/stm32l0xx_hal_gpio.c ****   * @{
 175:Drivers/STM32L0xx_HAL_Driver/Src/stm32l0xx_hal_gpio.c ****   */
 176:Drivers/STM32L0xx_HAL_Driver/Src/stm32l0xx_hal_gpio.c **** 
 177:Drivers/STM32L0xx_HAL_Driver/Src/stm32l0xx_hal_gpio.c **** /**
 178:Drivers/STM32L0xx_HAL_Driver/Src/stm32l0xx_hal_gpio.c ****   * @brief  Initializes the GPIOx peripheral according to the specified parameters in the GPIO_Init
 179:Drivers/STM32L0xx_HAL_Driver/Src/stm32l0xx_hal_gpio.c ****   * @param  GPIOx: where x can be (A..E and H) to select the GPIO peripheral for STM32L0XX family d
 180:Drivers/STM32L0xx_HAL_Driver/Src/stm32l0xx_hal_gpio.c ****   *                Note that GPIOE is not available on all devices.
 181:Drivers/STM32L0xx_HAL_Driver/Src/stm32l0xx_hal_gpio.c ****   * @param  GPIO_Init: pointer to a GPIO_InitTypeDef structure that contains
 182:Drivers/STM32L0xx_HAL_Driver/Src/stm32l0xx_hal_gpio.c ****   *                    the configuration information for the specified GPIO peripheral.
 183:Drivers/STM32L0xx_HAL_Driver/Src/stm32l0xx_hal_gpio.c ****   * @retval None
 184:Drivers/STM32L0xx_HAL_Driver/Src/stm32l0xx_hal_gpio.c ****   */
 185:Drivers/STM32L0xx_HAL_Driver/Src/stm32l0xx_hal_gpio.c **** void HAL_GPIO_Init(GPIO_TypeDef  *GPIOx, GPIO_InitTypeDef *GPIO_Init)
 186:Drivers/STM32L0xx_HAL_Driver/Src/stm32l0xx_hal_gpio.c **** {
  28              		.loc 1 186 0
  29              		.cfi_startproc
  30              		@ args = 0, pretend = 0, frame = 0
  31              		@ frame_needed = 0, uses_anonymous_args = 0
  32              	.LVL0:
  33 0000 F0B5     		push	{r4, r5, r6, r7, lr}
  34              	.LCFI0:
  35              		.cfi_def_cfa_offset 20
  36              		.cfi_offset 4, -20
  37              		.cfi_offset 5, -16
  38              		.cfi_offset 6, -12
  39              		.cfi_offset 7, -8
  40              		.cfi_offset 14, -4
  41 0002 4F46     		mov	r7, r9
  42 0004 4646     		mov	r6, r8
  43 0006 C0B4     		push	{r6, r7}
ARM GAS  /tmp/ccLy1hWO.s 			page 5


  44              	.LCFI1:
  45              		.cfi_def_cfa_offset 28
  46              		.cfi_offset 8, -28
  47              		.cfi_offset 9, -24
  48              	.LVL1:
 187:Drivers/STM32L0xx_HAL_Driver/Src/stm32l0xx_hal_gpio.c ****   uint32_t position = 0x00U;
  49              		.loc 1 187 0
  50 0008 0023     		movs	r3, #0
 188:Drivers/STM32L0xx_HAL_Driver/Src/stm32l0xx_hal_gpio.c ****   uint32_t iocurrent = 0x00U;
 189:Drivers/STM32L0xx_HAL_Driver/Src/stm32l0xx_hal_gpio.c ****   uint32_t temp = 0x00U;
 190:Drivers/STM32L0xx_HAL_Driver/Src/stm32l0xx_hal_gpio.c ****  
 191:Drivers/STM32L0xx_HAL_Driver/Src/stm32l0xx_hal_gpio.c ****   /* Check the parameters */
 192:Drivers/STM32L0xx_HAL_Driver/Src/stm32l0xx_hal_gpio.c ****   assert_param(IS_GPIO_MODE(GPIO_Init->Mode));
 193:Drivers/STM32L0xx_HAL_Driver/Src/stm32l0xx_hal_gpio.c ****   assert_param(IS_GPIO_PULL(GPIO_Init->Pull));
 194:Drivers/STM32L0xx_HAL_Driver/Src/stm32l0xx_hal_gpio.c ****   assert_param(IS_GPIO_PIN_AVAILABLE(GPIOx,(GPIO_Init->Pin)));
 195:Drivers/STM32L0xx_HAL_Driver/Src/stm32l0xx_hal_gpio.c **** 
 196:Drivers/STM32L0xx_HAL_Driver/Src/stm32l0xx_hal_gpio.c ****   /* Configure the port pins */
 197:Drivers/STM32L0xx_HAL_Driver/Src/stm32l0xx_hal_gpio.c ****   while (((GPIO_Init->Pin) >> position) != 0)
  51              		.loc 1 197 0
  52 000a ACE0     		b	.L2
  53              	.LVL2:
  54              	.L13:
 198:Drivers/STM32L0xx_HAL_Driver/Src/stm32l0xx_hal_gpio.c ****   {
 199:Drivers/STM32L0xx_HAL_Driver/Src/stm32l0xx_hal_gpio.c ****     /* Get the IO position */
 200:Drivers/STM32L0xx_HAL_Driver/Src/stm32l0xx_hal_gpio.c ****     iocurrent = (GPIO_Init->Pin) & (1U << position);
  55              		.loc 1 200 0
  56 000c 0124     		movs	r4, #1
  57 000e 9C40     		lsls	r4, r4, r3
  58 0010 2240     		ands	r2, r4
  59              	.LVL3:
 201:Drivers/STM32L0xx_HAL_Driver/Src/stm32l0xx_hal_gpio.c ****     
 202:Drivers/STM32L0xx_HAL_Driver/Src/stm32l0xx_hal_gpio.c ****     if(iocurrent)
  60              		.loc 1 202 0
  61 0012 00D1     		bne	.LCB38
  62 0014 A6E0     		b	.L3	@long jump
  63              	.LCB38:
 203:Drivers/STM32L0xx_HAL_Driver/Src/stm32l0xx_hal_gpio.c ****     {
 204:Drivers/STM32L0xx_HAL_Driver/Src/stm32l0xx_hal_gpio.c ****       /*--------------------- GPIO Mode Configuration ------------------------*/
 205:Drivers/STM32L0xx_HAL_Driver/Src/stm32l0xx_hal_gpio.c ****       /* In case of Alternate function mode selection */
 206:Drivers/STM32L0xx_HAL_Driver/Src/stm32l0xx_hal_gpio.c ****       if((GPIO_Init->Mode == GPIO_MODE_AF_PP) || (GPIO_Init->Mode == GPIO_MODE_AF_OD)) 
  64              		.loc 1 206 0
  65 0016 4D68     		ldr	r5, [r1, #4]
  66 0018 022D     		cmp	r5, #2
  67 001a 01D0     		beq	.L4
  68              		.loc 1 206 0 is_stmt 0 discriminator 1
  69 001c 122D     		cmp	r5, #18
  70 001e 15D1     		bne	.L5
  71              	.L4:
 207:Drivers/STM32L0xx_HAL_Driver/Src/stm32l0xx_hal_gpio.c ****       {
 208:Drivers/STM32L0xx_HAL_Driver/Src/stm32l0xx_hal_gpio.c ****         /* Check if the Alternate function is compliant with the GPIO in use */
 209:Drivers/STM32L0xx_HAL_Driver/Src/stm32l0xx_hal_gpio.c ****         assert_param(IS_GPIO_AF_AVAILABLE(GPIOx,(GPIO_Init->Alternate)));
 210:Drivers/STM32L0xx_HAL_Driver/Src/stm32l0xx_hal_gpio.c ****         /* Configure Alternate function mapped with the current IO */ 
 211:Drivers/STM32L0xx_HAL_Driver/Src/stm32l0xx_hal_gpio.c ****         temp = GPIOx->AFR[position >> 3U];
  72              		.loc 1 211 0 is_stmt 1
  73 0020 DF08     		lsrs	r7, r3, #3
  74 0022 0837     		adds	r7, r7, #8
  75 0024 BF00     		lsls	r7, r7, #2
ARM GAS  /tmp/ccLy1hWO.s 			page 6


  76 0026 3D58     		ldr	r5, [r7, r0]
  77 0028 A946     		mov	r9, r5
  78              	.LVL4:
 212:Drivers/STM32L0xx_HAL_Driver/Src/stm32l0xx_hal_gpio.c ****         temp &= ~((uint32_t)0xFU << ((uint32_t)(position & (uint32_t)0x07U) * 4U)) ;
  79              		.loc 1 212 0
  80 002a 0725     		movs	r5, #7
  81              	.LVL5:
  82 002c 1D40     		ands	r5, r3
  83 002e AD00     		lsls	r5, r5, #2
  84 0030 A846     		mov	r8, r5
  85 0032 0F26     		movs	r6, #15
  86 0034 AE40     		lsls	r6, r6, r5
  87 0036 B446     		mov	ip, r6
  88 0038 4E46     		mov	r6, r9
  89 003a 6546     		mov	r5, ip
  90 003c AE43     		bics	r6, r5
  91 003e B446     		mov	ip, r6
  92              	.LVL6:
 213:Drivers/STM32L0xx_HAL_Driver/Src/stm32l0xx_hal_gpio.c ****         temp |= ((uint32_t)(GPIO_Init->Alternate) << (((uint32_t)position & (uint32_t)0x07U) * 4U))
  93              		.loc 1 213 0
  94 0040 0E69     		ldr	r6, [r1, #16]
  95              	.LVL7:
  96 0042 4546     		mov	r5, r8
  97 0044 AE40     		lsls	r6, r6, r5
  98 0046 6546     		mov	r5, ip
  99 0048 3543     		orrs	r5, r6
 100              	.LVL8:
 214:Drivers/STM32L0xx_HAL_Driver/Src/stm32l0xx_hal_gpio.c ****         GPIOx->AFR[position >> 3U] = temp;
 101              		.loc 1 214 0
 102 004a 3D50     		str	r5, [r7, r0]
 103              	.LVL9:
 104              	.L5:
 215:Drivers/STM32L0xx_HAL_Driver/Src/stm32l0xx_hal_gpio.c ****       } 
 216:Drivers/STM32L0xx_HAL_Driver/Src/stm32l0xx_hal_gpio.c **** 
 217:Drivers/STM32L0xx_HAL_Driver/Src/stm32l0xx_hal_gpio.c ****       /* In case of Output or Alternate function mode selection */
 218:Drivers/STM32L0xx_HAL_Driver/Src/stm32l0xx_hal_gpio.c ****       if((GPIO_Init->Mode == GPIO_MODE_OUTPUT_PP) || (GPIO_Init->Mode == GPIO_MODE_AF_PP) ||
 105              		.loc 1 218 0
 106 004c 4D68     		ldr	r5, [r1, #4]
 107 004e 6E1E     		subs	r6, r5, #1
 108 0050 012E     		cmp	r6, #1
 109 0052 03D9     		bls	.L6
 110              		.loc 1 218 0 is_stmt 0 discriminator 1
 111 0054 112D     		cmp	r5, #17
 112 0056 01D0     		beq	.L6
 219:Drivers/STM32L0xx_HAL_Driver/Src/stm32l0xx_hal_gpio.c ****          (GPIO_Init->Mode == GPIO_MODE_OUTPUT_OD) || (GPIO_Init->Mode == GPIO_MODE_AF_OD))
 113              		.loc 1 219 0 is_stmt 1
 114 0058 122D     		cmp	r5, #18
 115 005a 11D1     		bne	.L7
 116              	.L6:
 220:Drivers/STM32L0xx_HAL_Driver/Src/stm32l0xx_hal_gpio.c ****       {
 221:Drivers/STM32L0xx_HAL_Driver/Src/stm32l0xx_hal_gpio.c ****         /* Check the Speed parameter */
 222:Drivers/STM32L0xx_HAL_Driver/Src/stm32l0xx_hal_gpio.c ****         assert_param(IS_GPIO_SPEED(GPIO_Init->Speed));
 223:Drivers/STM32L0xx_HAL_Driver/Src/stm32l0xx_hal_gpio.c ****         /* Configure the IO Speed */
 224:Drivers/STM32L0xx_HAL_Driver/Src/stm32l0xx_hal_gpio.c ****         temp = GPIOx->OSPEEDR;
 117              		.loc 1 224 0
 118 005c 8568     		ldr	r5, [r0, #8]
 119              	.LVL10:
ARM GAS  /tmp/ccLy1hWO.s 			page 7


 225:Drivers/STM32L0xx_HAL_Driver/Src/stm32l0xx_hal_gpio.c ****         temp &= ~(GPIO_OSPEEDER_OSPEED0 << (position * 2U));
 120              		.loc 1 225 0
 121 005e 5F00     		lsls	r7, r3, #1
 122 0060 0326     		movs	r6, #3
 123 0062 BE40     		lsls	r6, r6, r7
 124 0064 B543     		bics	r5, r6
 125              	.LVL11:
 226:Drivers/STM32L0xx_HAL_Driver/Src/stm32l0xx_hal_gpio.c ****         temp |= (GPIO_Init->Speed << (position * 2U));
 126              		.loc 1 226 0
 127 0066 CE68     		ldr	r6, [r1, #12]
 128 0068 BE40     		lsls	r6, r6, r7
 129 006a 3543     		orrs	r5, r6
 130              	.LVL12:
 227:Drivers/STM32L0xx_HAL_Driver/Src/stm32l0xx_hal_gpio.c ****         GPIOx->OSPEEDR = temp;
 131              		.loc 1 227 0
 132 006c 8560     		str	r5, [r0, #8]
 228:Drivers/STM32L0xx_HAL_Driver/Src/stm32l0xx_hal_gpio.c **** 
 229:Drivers/STM32L0xx_HAL_Driver/Src/stm32l0xx_hal_gpio.c ****         /* Configure the IO Output Type */
 230:Drivers/STM32L0xx_HAL_Driver/Src/stm32l0xx_hal_gpio.c ****         temp= GPIOx->OTYPER;
 133              		.loc 1 230 0
 134 006e 4668     		ldr	r6, [r0, #4]
 135              	.LVL13:
 231:Drivers/STM32L0xx_HAL_Driver/Src/stm32l0xx_hal_gpio.c ****         temp &= ~(GPIO_OTYPER_OT_0 << position) ;
 136              		.loc 1 231 0
 137 0070 A643     		bics	r6, r4
 138              	.LVL14:
 232:Drivers/STM32L0xx_HAL_Driver/Src/stm32l0xx_hal_gpio.c ****         temp |= (((GPIO_Init->Mode & GPIO_OUTPUT_TYPE) >> 4U) << position);
 139              		.loc 1 232 0
 140 0072 4C68     		ldr	r4, [r1, #4]
 141 0074 2509     		lsrs	r5, r4, #4
 142 0076 0124     		movs	r4, #1
 143 0078 2C40     		ands	r4, r5
 144 007a 9C40     		lsls	r4, r4, r3
 145 007c 3443     		orrs	r4, r6
 146              	.LVL15:
 233:Drivers/STM32L0xx_HAL_Driver/Src/stm32l0xx_hal_gpio.c ****         GPIOx->OTYPER = temp;
 147              		.loc 1 233 0
 148 007e 4460     		str	r4, [r0, #4]
 149              	.LVL16:
 150              	.L7:
 234:Drivers/STM32L0xx_HAL_Driver/Src/stm32l0xx_hal_gpio.c ****       }
 235:Drivers/STM32L0xx_HAL_Driver/Src/stm32l0xx_hal_gpio.c **** 
 236:Drivers/STM32L0xx_HAL_Driver/Src/stm32l0xx_hal_gpio.c ****       /* Configure IO Direction mode (Input, Output, Alternate or Analog) */
 237:Drivers/STM32L0xx_HAL_Driver/Src/stm32l0xx_hal_gpio.c ****       temp = GPIOx->MODER;
 151              		.loc 1 237 0
 152 0080 0668     		ldr	r6, [r0]
 153              	.LVL17:
 238:Drivers/STM32L0xx_HAL_Driver/Src/stm32l0xx_hal_gpio.c ****       temp &= ~(GPIO_MODER_MODE0 << (position * 2U));
 154              		.loc 1 238 0
 155 0082 5F00     		lsls	r7, r3, #1
 156 0084 0324     		movs	r4, #3
 157 0086 2500     		movs	r5, r4
 158 0088 BD40     		lsls	r5, r5, r7
 159 008a ED43     		mvns	r5, r5
 160 008c 2E40     		ands	r6, r5
 161              	.LVL18:
 162 008e B446     		mov	ip, r6
ARM GAS  /tmp/ccLy1hWO.s 			page 8


 163              	.LVL19:
 239:Drivers/STM32L0xx_HAL_Driver/Src/stm32l0xx_hal_gpio.c ****       temp |= ((GPIO_Init->Mode & GPIO_MODE) << (position * 2U));
 164              		.loc 1 239 0
 165 0090 4E68     		ldr	r6, [r1, #4]
 166              	.LVL20:
 167 0092 3440     		ands	r4, r6
 168 0094 BC40     		lsls	r4, r4, r7
 169 0096 6646     		mov	r6, ip
 170 0098 3443     		orrs	r4, r6
 171              	.LVL21:
 240:Drivers/STM32L0xx_HAL_Driver/Src/stm32l0xx_hal_gpio.c ****       GPIOx->MODER = temp;
 172              		.loc 1 240 0
 173 009a 0460     		str	r4, [r0]
 241:Drivers/STM32L0xx_HAL_Driver/Src/stm32l0xx_hal_gpio.c **** 
 242:Drivers/STM32L0xx_HAL_Driver/Src/stm32l0xx_hal_gpio.c ****       /* Activate the Pull-up or Pull down resistor for the current IO */
 243:Drivers/STM32L0xx_HAL_Driver/Src/stm32l0xx_hal_gpio.c ****       temp = GPIOx->PUPDR;
 174              		.loc 1 243 0
 175 009c C468     		ldr	r4, [r0, #12]
 176              	.LVL22:
 244:Drivers/STM32L0xx_HAL_Driver/Src/stm32l0xx_hal_gpio.c ****       temp &= ~(GPIO_PUPDR_PUPD0 << (position * 2U));
 177              		.loc 1 244 0
 178 009e 2540     		ands	r5, r4
 179              	.LVL23:
 245:Drivers/STM32L0xx_HAL_Driver/Src/stm32l0xx_hal_gpio.c ****       temp |= ((GPIO_Init->Pull) << (position * 2U)); 
 180              		.loc 1 245 0
 181 00a0 8C68     		ldr	r4, [r1, #8]
 182 00a2 BC40     		lsls	r4, r4, r7
 183 00a4 2543     		orrs	r5, r4
 184              	.LVL24:
 246:Drivers/STM32L0xx_HAL_Driver/Src/stm32l0xx_hal_gpio.c ****       GPIOx->PUPDR = temp;
 185              		.loc 1 246 0
 186 00a6 C560     		str	r5, [r0, #12]
 247:Drivers/STM32L0xx_HAL_Driver/Src/stm32l0xx_hal_gpio.c **** 
 248:Drivers/STM32L0xx_HAL_Driver/Src/stm32l0xx_hal_gpio.c ****       /*--------------------- EXTI Mode Configuration ------------------------*/
 249:Drivers/STM32L0xx_HAL_Driver/Src/stm32l0xx_hal_gpio.c ****       /* Configure the External Interrupt or event for the current IO */
 250:Drivers/STM32L0xx_HAL_Driver/Src/stm32l0xx_hal_gpio.c ****       if((GPIO_Init->Mode & EXTI_MODE) == EXTI_MODE) 
 187              		.loc 1 250 0
 188 00a8 4C68     		ldr	r4, [r1, #4]
 189 00aa E400     		lsls	r4, r4, #3
 190 00ac 5AD5     		bpl	.L3
 251:Drivers/STM32L0xx_HAL_Driver/Src/stm32l0xx_hal_gpio.c ****       {
 252:Drivers/STM32L0xx_HAL_Driver/Src/stm32l0xx_hal_gpio.c ****         /* Enable SYSCFG Clock */
 253:Drivers/STM32L0xx_HAL_Driver/Src/stm32l0xx_hal_gpio.c ****         __HAL_RCC_SYSCFG_CLK_ENABLE();
 191              		.loc 1 253 0
 192 00ae 324D     		ldr	r5, .L19
 193              	.LVL25:
 194 00b0 6E6B     		ldr	r6, [r5, #52]
 195 00b2 0124     		movs	r4, #1
 196 00b4 3443     		orrs	r4, r6
 197 00b6 6C63     		str	r4, [r5, #52]
 198              	.LVL26:
 254:Drivers/STM32L0xx_HAL_Driver/Src/stm32l0xx_hal_gpio.c ****         
 255:Drivers/STM32L0xx_HAL_Driver/Src/stm32l0xx_hal_gpio.c ****         temp = SYSCFG->EXTICR[position >> 2U];
 199              		.loc 1 255 0
 200 00b8 9C08     		lsrs	r4, r3, #2
 201 00ba A51C     		adds	r5, r4, #2
 202 00bc AD00     		lsls	r5, r5, #2
ARM GAS  /tmp/ccLy1hWO.s 			page 9


 203 00be 2F4E     		ldr	r6, .L19+4
 204 00c0 AF59     		ldr	r7, [r5, r6]
 205              	.LVL27:
 256:Drivers/STM32L0xx_HAL_Driver/Src/stm32l0xx_hal_gpio.c ****         CLEAR_BIT(temp, ((uint32_t)0x0FU) << (4U * (position & 0x03U)));
 206              		.loc 1 256 0
 207 00c2 0326     		movs	r6, #3
 208 00c4 1E40     		ands	r6, r3
 209 00c6 B500     		lsls	r5, r6, #2
 210 00c8 0F26     		movs	r6, #15
 211 00ca AE40     		lsls	r6, r6, r5
 212 00cc B743     		bics	r7, r6
 213              	.LVL28:
 257:Drivers/STM32L0xx_HAL_Driver/Src/stm32l0xx_hal_gpio.c ****         SET_BIT(temp, (GPIO_GET_INDEX(GPIOx)) << (4 * (position & 0x03U)));
 214              		.loc 1 257 0
 215 00ce A026     		movs	r6, #160
 216 00d0 F605     		lsls	r6, r6, #23
 217 00d2 B042     		cmp	r0, r6
 218 00d4 0DD0     		beq	.L14
 219              		.loc 1 257 0 is_stmt 0 discriminator 1
 220 00d6 2A4E     		ldr	r6, .L19+8
 221 00d8 B042     		cmp	r0, r6
 222 00da 0CD0     		beq	.L15
 223              		.loc 1 257 0 discriminator 3
 224 00dc 294E     		ldr	r6, .L19+12
 225 00de B042     		cmp	r0, r6
 226 00e0 0BD0     		beq	.L16
 227              		.loc 1 257 0 discriminator 5
 228 00e2 294E     		ldr	r6, .L19+16
 229 00e4 B042     		cmp	r0, r6
 230 00e6 0AD0     		beq	.L17
 231              		.loc 1 257 0 discriminator 7
 232 00e8 284E     		ldr	r6, .L19+20
 233 00ea B042     		cmp	r0, r6
 234 00ec 09D1     		bne	.L18
 235              		.loc 1 257 0
 236 00ee 0526     		movs	r6, #5
 237 00f0 08E0     		b	.L8
 238              	.L14:
 239 00f2 0026     		movs	r6, #0
 240 00f4 06E0     		b	.L8
 241              	.L15:
 242 00f6 0126     		movs	r6, #1
 243 00f8 04E0     		b	.L8
 244              	.L16:
 245 00fa 0226     		movs	r6, #2
 246 00fc 02E0     		b	.L8
 247              	.L17:
 248 00fe 0326     		movs	r6, #3
 249 0100 00E0     		b	.L8
 250              	.L18:
 251 0102 0626     		movs	r6, #6
 252              	.L8:
 253              		.loc 1 257 0 discriminator 20
 254 0104 AE40     		lsls	r6, r6, r5
 255 0106 3500     		movs	r5, r6
 256 0108 3D43     		orrs	r5, r7
 257              	.LVL29:
ARM GAS  /tmp/ccLy1hWO.s 			page 10


 258:Drivers/STM32L0xx_HAL_Driver/Src/stm32l0xx_hal_gpio.c ****         SYSCFG->EXTICR[position >> 2U] = temp;
 258              		.loc 1 258 0 is_stmt 1 discriminator 20
 259 010a 0234     		adds	r4, r4, #2
 260 010c A400     		lsls	r4, r4, #2
 261 010e 1B4E     		ldr	r6, .L19+4
 262 0110 A551     		str	r5, [r4, r6]
 259:Drivers/STM32L0xx_HAL_Driver/Src/stm32l0xx_hal_gpio.c ****                   
 260:Drivers/STM32L0xx_HAL_Driver/Src/stm32l0xx_hal_gpio.c ****         /* Clear EXTI line configuration */
 261:Drivers/STM32L0xx_HAL_Driver/Src/stm32l0xx_hal_gpio.c ****         temp = EXTI->IMR;
 263              		.loc 1 261 0 discriminator 20
 264 0112 1F4C     		ldr	r4, .L19+24
 265 0114 2568     		ldr	r5, [r4]
 266              	.LVL30:
 262:Drivers/STM32L0xx_HAL_Driver/Src/stm32l0xx_hal_gpio.c ****         temp &= ~((uint32_t)iocurrent);
 267              		.loc 1 262 0 discriminator 20
 268 0116 D443     		mvns	r4, r2
 269 0118 2600     		movs	r6, r4
 270 011a 2E40     		ands	r6, r5
 271              	.LVL31:
 263:Drivers/STM32L0xx_HAL_Driver/Src/stm32l0xx_hal_gpio.c ****         if((GPIO_Init->Mode & GPIO_MODE_IT) == GPIO_MODE_IT)
 272              		.loc 1 263 0 discriminator 20
 273 011c 4F68     		ldr	r7, [r1, #4]
 274 011e FF03     		lsls	r7, r7, #15
 275 0120 01D5     		bpl	.L9
 264:Drivers/STM32L0xx_HAL_Driver/Src/stm32l0xx_hal_gpio.c ****         {
 265:Drivers/STM32L0xx_HAL_Driver/Src/stm32l0xx_hal_gpio.c ****           temp |= iocurrent;
 276              		.loc 1 265 0
 277 0122 1543     		orrs	r5, r2
 278 0124 2E00     		movs	r6, r5
 279              	.LVL32:
 280              	.L9:
 266:Drivers/STM32L0xx_HAL_Driver/Src/stm32l0xx_hal_gpio.c ****         }
 267:Drivers/STM32L0xx_HAL_Driver/Src/stm32l0xx_hal_gpio.c ****         EXTI->IMR = temp;
 281              		.loc 1 267 0
 282 0126 1A4D     		ldr	r5, .L19+24
 283 0128 2E60     		str	r6, [r5]
 268:Drivers/STM32L0xx_HAL_Driver/Src/stm32l0xx_hal_gpio.c **** 
 269:Drivers/STM32L0xx_HAL_Driver/Src/stm32l0xx_hal_gpio.c ****         temp = EXTI->EMR;
 284              		.loc 1 269 0
 285 012a 6D68     		ldr	r5, [r5, #4]
 286              	.LVL33:
 270:Drivers/STM32L0xx_HAL_Driver/Src/stm32l0xx_hal_gpio.c ****         temp &= ~((uint32_t)iocurrent);
 287              		.loc 1 270 0
 288 012c 2E00     		movs	r6, r5
 289 012e 2640     		ands	r6, r4
 290              	.LVL34:
 271:Drivers/STM32L0xx_HAL_Driver/Src/stm32l0xx_hal_gpio.c ****         if((GPIO_Init->Mode & GPIO_MODE_EVT) == GPIO_MODE_EVT)
 291              		.loc 1 271 0
 292 0130 4F68     		ldr	r7, [r1, #4]
 293 0132 BF03     		lsls	r7, r7, #14
 294 0134 01D5     		bpl	.L10
 272:Drivers/STM32L0xx_HAL_Driver/Src/stm32l0xx_hal_gpio.c ****         {
 273:Drivers/STM32L0xx_HAL_Driver/Src/stm32l0xx_hal_gpio.c ****           temp |= iocurrent;
 295              		.loc 1 273 0
 296 0136 1543     		orrs	r5, r2
 297 0138 2E00     		movs	r6, r5
 298              	.LVL35:
ARM GAS  /tmp/ccLy1hWO.s 			page 11


 299              	.L10:
 274:Drivers/STM32L0xx_HAL_Driver/Src/stm32l0xx_hal_gpio.c ****         }
 275:Drivers/STM32L0xx_HAL_Driver/Src/stm32l0xx_hal_gpio.c ****         EXTI->EMR = temp;
 300              		.loc 1 275 0
 301 013a 154D     		ldr	r5, .L19+24
 302 013c 6E60     		str	r6, [r5, #4]
 276:Drivers/STM32L0xx_HAL_Driver/Src/stm32l0xx_hal_gpio.c **** 
 277:Drivers/STM32L0xx_HAL_Driver/Src/stm32l0xx_hal_gpio.c ****         /* Clear Rising Falling edge configuration */
 278:Drivers/STM32L0xx_HAL_Driver/Src/stm32l0xx_hal_gpio.c ****         temp = EXTI->RTSR;
 303              		.loc 1 278 0
 304 013e AD68     		ldr	r5, [r5, #8]
 305              	.LVL36:
 279:Drivers/STM32L0xx_HAL_Driver/Src/stm32l0xx_hal_gpio.c ****         temp &= ~((uint32_t)iocurrent);
 306              		.loc 1 279 0
 307 0140 2E00     		movs	r6, r5
 308 0142 2640     		ands	r6, r4
 309              	.LVL37:
 280:Drivers/STM32L0xx_HAL_Driver/Src/stm32l0xx_hal_gpio.c ****         if((GPIO_Init->Mode & RISING_EDGE) == RISING_EDGE)
 310              		.loc 1 280 0
 311 0144 4F68     		ldr	r7, [r1, #4]
 312 0146 FF02     		lsls	r7, r7, #11
 313 0148 01D5     		bpl	.L11
 281:Drivers/STM32L0xx_HAL_Driver/Src/stm32l0xx_hal_gpio.c ****         {
 282:Drivers/STM32L0xx_HAL_Driver/Src/stm32l0xx_hal_gpio.c ****           temp |= iocurrent;
 314              		.loc 1 282 0
 315 014a 1543     		orrs	r5, r2
 316 014c 2E00     		movs	r6, r5
 317              	.LVL38:
 318              	.L11:
 283:Drivers/STM32L0xx_HAL_Driver/Src/stm32l0xx_hal_gpio.c ****         }
 284:Drivers/STM32L0xx_HAL_Driver/Src/stm32l0xx_hal_gpio.c ****         EXTI->RTSR = temp;
 319              		.loc 1 284 0
 320 014e 104D     		ldr	r5, .L19+24
 321 0150 AE60     		str	r6, [r5, #8]
 285:Drivers/STM32L0xx_HAL_Driver/Src/stm32l0xx_hal_gpio.c **** 
 286:Drivers/STM32L0xx_HAL_Driver/Src/stm32l0xx_hal_gpio.c ****         temp = EXTI->FTSR;
 322              		.loc 1 286 0
 323 0152 ED68     		ldr	r5, [r5, #12]
 324              	.LVL39:
 287:Drivers/STM32L0xx_HAL_Driver/Src/stm32l0xx_hal_gpio.c ****         temp &= ~((uint32_t)iocurrent);
 325              		.loc 1 287 0
 326 0154 2C40     		ands	r4, r5
 327              	.LVL40:
 288:Drivers/STM32L0xx_HAL_Driver/Src/stm32l0xx_hal_gpio.c ****         if((GPIO_Init->Mode & FALLING_EDGE) == FALLING_EDGE)
 328              		.loc 1 288 0
 329 0156 4E68     		ldr	r6, [r1, #4]
 330 0158 B602     		lsls	r6, r6, #10
 331 015a 01D5     		bpl	.L12
 289:Drivers/STM32L0xx_HAL_Driver/Src/stm32l0xx_hal_gpio.c ****         {
 290:Drivers/STM32L0xx_HAL_Driver/Src/stm32l0xx_hal_gpio.c ****           temp |= iocurrent;
 332              		.loc 1 290 0
 333 015c 2A43     		orrs	r2, r5
 334              	.LVL41:
 335 015e 1400     		movs	r4, r2
 336              	.LVL42:
 337              	.L12:
 291:Drivers/STM32L0xx_HAL_Driver/Src/stm32l0xx_hal_gpio.c ****         }
ARM GAS  /tmp/ccLy1hWO.s 			page 12


 292:Drivers/STM32L0xx_HAL_Driver/Src/stm32l0xx_hal_gpio.c ****         EXTI->FTSR = temp;
 338              		.loc 1 292 0
 339 0160 0B4A     		ldr	r2, .L19+24
 340 0162 D460     		str	r4, [r2, #12]
 341              	.LVL43:
 342              	.L3:
 293:Drivers/STM32L0xx_HAL_Driver/Src/stm32l0xx_hal_gpio.c ****       }
 294:Drivers/STM32L0xx_HAL_Driver/Src/stm32l0xx_hal_gpio.c ****     }
 295:Drivers/STM32L0xx_HAL_Driver/Src/stm32l0xx_hal_gpio.c ****     position++;
 343              		.loc 1 295 0
 344 0164 0133     		adds	r3, r3, #1
 345              	.LVL44:
 346              	.L2:
 197:Drivers/STM32L0xx_HAL_Driver/Src/stm32l0xx_hal_gpio.c ****   {
 347              		.loc 1 197 0
 348 0166 0A68     		ldr	r2, [r1]
 349 0168 1400     		movs	r4, r2
 350 016a DC40     		lsrs	r4, r4, r3
 351 016c 00D0     		beq	.LCB355
 352 016e 4DE7     		b	.L13	@long jump
 353              	.LCB355:
 296:Drivers/STM32L0xx_HAL_Driver/Src/stm32l0xx_hal_gpio.c ****   }
 297:Drivers/STM32L0xx_HAL_Driver/Src/stm32l0xx_hal_gpio.c **** }
 354              		.loc 1 297 0
 355              		@ sp needed
 356 0170 0CBC     		pop	{r2, r3}
 357 0172 9046     		mov	r8, r2
 358 0174 9946     		mov	r9, r3
 359 0176 F0BD     		pop	{r4, r5, r6, r7, pc}
 360              	.L20:
 361              		.align	2
 362              	.L19:
 363 0178 00100240 		.word	1073876992
 364 017c 00000140 		.word	1073807360
 365 0180 00040050 		.word	1342178304
 366 0184 00080050 		.word	1342179328
 367 0188 000C0050 		.word	1342180352
 368 018c 001C0050 		.word	1342184448
 369 0190 00040140 		.word	1073808384
 370              		.cfi_endproc
 371              	.LFE37:
 373              		.section	.text.HAL_GPIO_DeInit,"ax",%progbits
 374              		.align	2
 375              		.global	HAL_GPIO_DeInit
 376              		.code	16
 377              		.thumb_func
 379              	HAL_GPIO_DeInit:
 380              	.LFB38:
 298:Drivers/STM32L0xx_HAL_Driver/Src/stm32l0xx_hal_gpio.c **** 
 299:Drivers/STM32L0xx_HAL_Driver/Src/stm32l0xx_hal_gpio.c **** /**
 300:Drivers/STM32L0xx_HAL_Driver/Src/stm32l0xx_hal_gpio.c ****   * @brief  De-initializes the GPIOx peripheral registers to their default reset values.
 301:Drivers/STM32L0xx_HAL_Driver/Src/stm32l0xx_hal_gpio.c ****   * @param  GPIOx: where x can be (A..E and H) to select the GPIO peripheral for STM32L0XX family d
 302:Drivers/STM32L0xx_HAL_Driver/Src/stm32l0xx_hal_gpio.c ****   *                Note that GPIOE is not available on all devices.
 303:Drivers/STM32L0xx_HAL_Driver/Src/stm32l0xx_hal_gpio.c ****   * @param  GPIO_Pin: specifies the port bit to be written.
 304:Drivers/STM32L0xx_HAL_Driver/Src/stm32l0xx_hal_gpio.c ****   *                   This parameter can be one of GPIO_PIN_x where x can be (0..15).
 305:Drivers/STM32L0xx_HAL_Driver/Src/stm32l0xx_hal_gpio.c ****   *                   All port bits are not necessarily available on all GPIOs.
 306:Drivers/STM32L0xx_HAL_Driver/Src/stm32l0xx_hal_gpio.c ****   * @retval None
ARM GAS  /tmp/ccLy1hWO.s 			page 13


 307:Drivers/STM32L0xx_HAL_Driver/Src/stm32l0xx_hal_gpio.c ****   */
 308:Drivers/STM32L0xx_HAL_Driver/Src/stm32l0xx_hal_gpio.c **** void HAL_GPIO_DeInit(GPIO_TypeDef  *GPIOx, uint32_t GPIO_Pin)
 309:Drivers/STM32L0xx_HAL_Driver/Src/stm32l0xx_hal_gpio.c **** { 
 381              		.loc 1 309 0
 382              		.cfi_startproc
 383              		@ args = 0, pretend = 0, frame = 0
 384              		@ frame_needed = 0, uses_anonymous_args = 0
 385              	.LVL45:
 386 0000 F0B5     		push	{r4, r5, r6, r7, lr}
 387              	.LCFI2:
 388              		.cfi_def_cfa_offset 20
 389              		.cfi_offset 4, -20
 390              		.cfi_offset 5, -16
 391              		.cfi_offset 6, -12
 392              		.cfi_offset 7, -8
 393              		.cfi_offset 14, -4
 394 0002 5746     		mov	r7, r10
 395 0004 4E46     		mov	r6, r9
 396 0006 4546     		mov	r5, r8
 397 0008 E0B4     		push	{r5, r6, r7}
 398              	.LCFI3:
 399              		.cfi_def_cfa_offset 32
 400              		.cfi_offset 8, -32
 401              		.cfi_offset 9, -28
 402              		.cfi_offset 10, -24
 403              	.LVL46:
 310:Drivers/STM32L0xx_HAL_Driver/Src/stm32l0xx_hal_gpio.c ****   uint32_t position = 0x00U;
 404              		.loc 1 310 0
 405 000a 0023     		movs	r3, #0
 311:Drivers/STM32L0xx_HAL_Driver/Src/stm32l0xx_hal_gpio.c ****   uint32_t iocurrent = 0x00U;
 312:Drivers/STM32L0xx_HAL_Driver/Src/stm32l0xx_hal_gpio.c ****   uint32_t tmp = 0x00U;
 313:Drivers/STM32L0xx_HAL_Driver/Src/stm32l0xx_hal_gpio.c **** 
 314:Drivers/STM32L0xx_HAL_Driver/Src/stm32l0xx_hal_gpio.c ****   /* Check the parameters */
 315:Drivers/STM32L0xx_HAL_Driver/Src/stm32l0xx_hal_gpio.c ****   assert_param(IS_GPIO_PIN_AVAILABLE(GPIOx,GPIO_Pin));
 316:Drivers/STM32L0xx_HAL_Driver/Src/stm32l0xx_hal_gpio.c **** 
 317:Drivers/STM32L0xx_HAL_Driver/Src/stm32l0xx_hal_gpio.c ****   /* Configure the port pins */
 318:Drivers/STM32L0xx_HAL_Driver/Src/stm32l0xx_hal_gpio.c ****   while ((GPIO_Pin >> position) != 0)
 406              		.loc 1 318 0
 407 000c 6AE0     		b	.L22
 408              	.LVL47:
 409              	.L25:
 319:Drivers/STM32L0xx_HAL_Driver/Src/stm32l0xx_hal_gpio.c ****   {
 320:Drivers/STM32L0xx_HAL_Driver/Src/stm32l0xx_hal_gpio.c ****     /* Get the IO position */
 321:Drivers/STM32L0xx_HAL_Driver/Src/stm32l0xx_hal_gpio.c ****     iocurrent = (GPIO_Pin) & (1U << position);
 410              		.loc 1 321 0
 411 000e 0122     		movs	r2, #1
 412 0010 9A40     		lsls	r2, r2, r3
 413 0012 1700     		movs	r7, r2
 414 0014 0F40     		ands	r7, r1
 415 0016 BA46     		mov	r10, r7
 416              	.LVL48:
 322:Drivers/STM32L0xx_HAL_Driver/Src/stm32l0xx_hal_gpio.c **** 
 323:Drivers/STM32L0xx_HAL_Driver/Src/stm32l0xx_hal_gpio.c ****     if(iocurrent)
 417              		.loc 1 323 0
 418 0018 63D0     		beq	.L23
 324:Drivers/STM32L0xx_HAL_Driver/Src/stm32l0xx_hal_gpio.c ****     {
 325:Drivers/STM32L0xx_HAL_Driver/Src/stm32l0xx_hal_gpio.c ****       /*------------------------- GPIO Mode Configuration --------------------*/
ARM GAS  /tmp/ccLy1hWO.s 			page 14


 326:Drivers/STM32L0xx_HAL_Driver/Src/stm32l0xx_hal_gpio.c ****       /* Configure IO Direction in Input Floting Mode */
 327:Drivers/STM32L0xx_HAL_Driver/Src/stm32l0xx_hal_gpio.c ****       GPIOx->MODER |= (GPIO_MODER_MODE0 << (position * 2U));
 419              		.loc 1 327 0
 420 001a 0668     		ldr	r6, [r0]
 421 001c 5D00     		lsls	r5, r3, #1
 422 001e 0324     		movs	r4, #3
 423 0020 2700     		movs	r7, r4
 424              	.LVL49:
 425 0022 AF40     		lsls	r7, r7, r5
 426 0024 3D00     		movs	r5, r7
 427 0026 3E43     		orrs	r6, r7
 428 0028 0660     		str	r6, [r0]
 328:Drivers/STM32L0xx_HAL_Driver/Src/stm32l0xx_hal_gpio.c ****            
 329:Drivers/STM32L0xx_HAL_Driver/Src/stm32l0xx_hal_gpio.c ****       /* Configure the default Alternate Function in current IO */ 
 330:Drivers/STM32L0xx_HAL_Driver/Src/stm32l0xx_hal_gpio.c ****       GPIOx->AFR[position >> 3U] &= ~((uint32_t)0xFU << ((uint32_t)(position & (uint32_t)0x07U) * 4
 429              		.loc 1 330 0
 430 002a DE08     		lsrs	r6, r3, #3
 431 002c 0836     		adds	r6, r6, #8
 432 002e B600     		lsls	r6, r6, #2
 433 0030 B046     		mov	r8, r6
 434 0032 3658     		ldr	r6, [r6, r0]
 435 0034 B146     		mov	r9, r6
 436 0036 0726     		movs	r6, #7
 437 0038 1E40     		ands	r6, r3
 438 003a B600     		lsls	r6, r6, #2
 439 003c 0F27     		movs	r7, #15
 440 003e BC46     		mov	ip, r7
 441 0040 B740     		lsls	r7, r7, r6
 442 0042 3E00     		movs	r6, r7
 443 0044 4F46     		mov	r7, r9
 444 0046 B743     		bics	r7, r6
 445 0048 3E00     		movs	r6, r7
 446 004a 4746     		mov	r7, r8
 447 004c 3E50     		str	r6, [r7, r0]
 331:Drivers/STM32L0xx_HAL_Driver/Src/stm32l0xx_hal_gpio.c ****       
 332:Drivers/STM32L0xx_HAL_Driver/Src/stm32l0xx_hal_gpio.c ****       /* Configure the default value for IO Speed */
 333:Drivers/STM32L0xx_HAL_Driver/Src/stm32l0xx_hal_gpio.c ****       GPIOx->OSPEEDR &= ~(GPIO_OSPEEDER_OSPEED0 << (position * 2U));
 448              		.loc 1 333 0
 449 004e 8668     		ldr	r6, [r0, #8]
 450 0050 ED43     		mvns	r5, r5
 451 0052 2E40     		ands	r6, r5
 452 0054 8660     		str	r6, [r0, #8]
 334:Drivers/STM32L0xx_HAL_Driver/Src/stm32l0xx_hal_gpio.c ****       
 335:Drivers/STM32L0xx_HAL_Driver/Src/stm32l0xx_hal_gpio.c ****       /* Configure the default value IO Output Type */
 336:Drivers/STM32L0xx_HAL_Driver/Src/stm32l0xx_hal_gpio.c ****       GPIOx->OTYPER  &= ~(GPIO_OTYPER_OT_0 << position) ;
 453              		.loc 1 336 0
 454 0056 4668     		ldr	r6, [r0, #4]
 455 0058 9643     		bics	r6, r2
 456 005a 4660     		str	r6, [r0, #4]
 337:Drivers/STM32L0xx_HAL_Driver/Src/stm32l0xx_hal_gpio.c ****       
 338:Drivers/STM32L0xx_HAL_Driver/Src/stm32l0xx_hal_gpio.c ****       /* Deactivate the Pull-up oand Pull-down resistor for the current IO */
 339:Drivers/STM32L0xx_HAL_Driver/Src/stm32l0xx_hal_gpio.c ****       GPIOx->PUPDR &= ~(GPIO_PUPDR_PUPD0 << (position * 2U));
 457              		.loc 1 339 0
 458 005c C268     		ldr	r2, [r0, #12]
 459 005e 1540     		ands	r5, r2
 460 0060 C560     		str	r5, [r0, #12]
 340:Drivers/STM32L0xx_HAL_Driver/Src/stm32l0xx_hal_gpio.c ****       
ARM GAS  /tmp/ccLy1hWO.s 			page 15


 341:Drivers/STM32L0xx_HAL_Driver/Src/stm32l0xx_hal_gpio.c ****       /*------------------------- EXTI Mode Configuration --------------------*/
 342:Drivers/STM32L0xx_HAL_Driver/Src/stm32l0xx_hal_gpio.c ****       /* Clear the External Interrupt or Event for the current IO */
 343:Drivers/STM32L0xx_HAL_Driver/Src/stm32l0xx_hal_gpio.c ****       
 344:Drivers/STM32L0xx_HAL_Driver/Src/stm32l0xx_hal_gpio.c ****       tmp = SYSCFG->EXTICR[position >> 2U];
 461              		.loc 1 344 0
 462 0062 9D08     		lsrs	r5, r3, #2
 463 0064 AA1C     		adds	r2, r5, #2
 464 0066 9200     		lsls	r2, r2, #2
 465 0068 224E     		ldr	r6, .L31
 466 006a 9659     		ldr	r6, [r2, r6]
 467              	.LVL50:
 345:Drivers/STM32L0xx_HAL_Driver/Src/stm32l0xx_hal_gpio.c ****       tmp &= (((uint32_t)0x0FU) << (4U * (position & 0x03U)));
 468              		.loc 1 345 0
 469 006c 2200     		movs	r2, r4
 470 006e 1A40     		ands	r2, r3
 471 0070 9200     		lsls	r2, r2, #2
 472 0072 6446     		mov	r4, ip
 473 0074 9440     		lsls	r4, r4, r2
 474 0076 A446     		mov	ip, r4
 475 0078 3440     		ands	r4, r6
 476              	.LVL51:
 346:Drivers/STM32L0xx_HAL_Driver/Src/stm32l0xx_hal_gpio.c ****       if(tmp == (GPIO_GET_INDEX(GPIOx) << (4U * (position & 0x03U))))
 477              		.loc 1 346 0
 478 007a A026     		movs	r6, #160
 479 007c F605     		lsls	r6, r6, #23
 480 007e B042     		cmp	r0, r6
 481 0080 0DD0     		beq	.L26
 482              		.loc 1 346 0 is_stmt 0 discriminator 1
 483 0082 1D4E     		ldr	r6, .L31+4
 484 0084 B042     		cmp	r0, r6
 485 0086 0CD0     		beq	.L27
 486              		.loc 1 346 0 discriminator 3
 487 0088 1C4E     		ldr	r6, .L31+8
 488 008a B042     		cmp	r0, r6
 489 008c 0BD0     		beq	.L28
 490              		.loc 1 346 0 discriminator 5
 491 008e 1C4E     		ldr	r6, .L31+12
 492 0090 B042     		cmp	r0, r6
 493 0092 0AD0     		beq	.L29
 494              		.loc 1 346 0 discriminator 7
 495 0094 1B4E     		ldr	r6, .L31+16
 496 0096 B042     		cmp	r0, r6
 497 0098 09D1     		bne	.L30
 498              		.loc 1 346 0
 499 009a 0526     		movs	r6, #5
 500 009c 08E0     		b	.L24
 501              	.L26:
 502 009e 0026     		movs	r6, #0
 503 00a0 06E0     		b	.L24
 504              	.L27:
 505 00a2 0126     		movs	r6, #1
 506 00a4 04E0     		b	.L24
 507              	.L28:
 508 00a6 0226     		movs	r6, #2
 509 00a8 02E0     		b	.L24
 510              	.L29:
 511 00aa 0326     		movs	r6, #3
ARM GAS  /tmp/ccLy1hWO.s 			page 16


 512 00ac 00E0     		b	.L24
 513              	.L30:
 514 00ae 0626     		movs	r6, #6
 515              	.L24:
 516              		.loc 1 346 0 discriminator 20
 517 00b0 9640     		lsls	r6, r6, r2
 518 00b2 B442     		cmp	r4, r6
 519 00b4 15D1     		bne	.L23
 520              	.LVL52:
 347:Drivers/STM32L0xx_HAL_Driver/Src/stm32l0xx_hal_gpio.c ****       {
 348:Drivers/STM32L0xx_HAL_Driver/Src/stm32l0xx_hal_gpio.c ****         tmp = ((uint32_t)0x0FU) << (4U * (position & 0x03U));
 349:Drivers/STM32L0xx_HAL_Driver/Src/stm32l0xx_hal_gpio.c ****         SYSCFG->EXTICR[position >> 2U] &= ~tmp;
 521              		.loc 1 349 0 is_stmt 1
 522 00b6 0F4C     		ldr	r4, .L31
 523 00b8 0235     		adds	r5, r5, #2
 524 00ba AD00     		lsls	r5, r5, #2
 525 00bc 2A59     		ldr	r2, [r5, r4]
 526 00be 6646     		mov	r6, ip
 527 00c0 B243     		bics	r2, r6
 528 00c2 2A51     		str	r2, [r5, r4]
 350:Drivers/STM32L0xx_HAL_Driver/Src/stm32l0xx_hal_gpio.c **** 
 351:Drivers/STM32L0xx_HAL_Driver/Src/stm32l0xx_hal_gpio.c ****         /* Clear EXTI line configuration */
 352:Drivers/STM32L0xx_HAL_Driver/Src/stm32l0xx_hal_gpio.c ****         EXTI->IMR &= ~((uint32_t)iocurrent);
 529              		.loc 1 352 0
 530 00c4 104C     		ldr	r4, .L31+20
 531 00c6 2568     		ldr	r5, [r4]
 532 00c8 5246     		mov	r2, r10
 533 00ca D243     		mvns	r2, r2
 534 00cc 1540     		ands	r5, r2
 535 00ce 2560     		str	r5, [r4]
 353:Drivers/STM32L0xx_HAL_Driver/Src/stm32l0xx_hal_gpio.c ****         EXTI->EMR &= ~((uint32_t)iocurrent);
 536              		.loc 1 353 0
 537 00d0 6568     		ldr	r5, [r4, #4]
 538 00d2 1540     		ands	r5, r2
 539 00d4 6560     		str	r5, [r4, #4]
 354:Drivers/STM32L0xx_HAL_Driver/Src/stm32l0xx_hal_gpio.c **** 
 355:Drivers/STM32L0xx_HAL_Driver/Src/stm32l0xx_hal_gpio.c ****         /* Clear Rising Falling edge configuration */
 356:Drivers/STM32L0xx_HAL_Driver/Src/stm32l0xx_hal_gpio.c ****         EXTI->RTSR &= ~((uint32_t)iocurrent);
 540              		.loc 1 356 0
 541 00d6 A568     		ldr	r5, [r4, #8]
 542 00d8 1540     		ands	r5, r2
 543 00da A560     		str	r5, [r4, #8]
 357:Drivers/STM32L0xx_HAL_Driver/Src/stm32l0xx_hal_gpio.c ****         EXTI->FTSR &= ~((uint32_t)iocurrent);
 544              		.loc 1 357 0
 545 00dc E568     		ldr	r5, [r4, #12]
 546 00de 2A40     		ands	r2, r5
 547 00e0 E260     		str	r2, [r4, #12]
 548              	.LVL53:
 549              	.L23:
 358:Drivers/STM32L0xx_HAL_Driver/Src/stm32l0xx_hal_gpio.c ****       }
 359:Drivers/STM32L0xx_HAL_Driver/Src/stm32l0xx_hal_gpio.c ****     }
 360:Drivers/STM32L0xx_HAL_Driver/Src/stm32l0xx_hal_gpio.c ****      position++;
 550              		.loc 1 360 0
 551 00e2 0133     		adds	r3, r3, #1
 552              	.LVL54:
 553              	.L22:
 318:Drivers/STM32L0xx_HAL_Driver/Src/stm32l0xx_hal_gpio.c ****   {
ARM GAS  /tmp/ccLy1hWO.s 			page 17


 554              		.loc 1 318 0
 555 00e4 0A00     		movs	r2, r1
 556 00e6 DA40     		lsrs	r2, r2, r3
 557 00e8 91D1     		bne	.L25
 361:Drivers/STM32L0xx_HAL_Driver/Src/stm32l0xx_hal_gpio.c ****   }
 362:Drivers/STM32L0xx_HAL_Driver/Src/stm32l0xx_hal_gpio.c **** }
 558              		.loc 1 362 0
 559              		@ sp needed
 560 00ea 1CBC     		pop	{r2, r3, r4}
 561 00ec 9046     		mov	r8, r2
 562 00ee 9946     		mov	r9, r3
 563 00f0 A246     		mov	r10, r4
 564 00f2 F0BD     		pop	{r4, r5, r6, r7, pc}
 565              	.L32:
 566              		.align	2
 567              	.L31:
 568 00f4 00000140 		.word	1073807360
 569 00f8 00040050 		.word	1342178304
 570 00fc 00080050 		.word	1342179328
 571 0100 000C0050 		.word	1342180352
 572 0104 001C0050 		.word	1342184448
 573 0108 00040140 		.word	1073808384
 574              		.cfi_endproc
 575              	.LFE38:
 577              		.section	.text.HAL_GPIO_ReadPin,"ax",%progbits
 578              		.align	2
 579              		.global	HAL_GPIO_ReadPin
 580              		.code	16
 581              		.thumb_func
 583              	HAL_GPIO_ReadPin:
 584              	.LFB39:
 363:Drivers/STM32L0xx_HAL_Driver/Src/stm32l0xx_hal_gpio.c **** 
 364:Drivers/STM32L0xx_HAL_Driver/Src/stm32l0xx_hal_gpio.c **** /**
 365:Drivers/STM32L0xx_HAL_Driver/Src/stm32l0xx_hal_gpio.c ****   * @}
 366:Drivers/STM32L0xx_HAL_Driver/Src/stm32l0xx_hal_gpio.c ****   */
 367:Drivers/STM32L0xx_HAL_Driver/Src/stm32l0xx_hal_gpio.c **** 
 368:Drivers/STM32L0xx_HAL_Driver/Src/stm32l0xx_hal_gpio.c **** /** @addtogroup GPIO_Exported_Functions_Group2
 369:Drivers/STM32L0xx_HAL_Driver/Src/stm32l0xx_hal_gpio.c ****  *  @brief   GPIO Read and Write
 370:Drivers/STM32L0xx_HAL_Driver/Src/stm32l0xx_hal_gpio.c ****  *
 371:Drivers/STM32L0xx_HAL_Driver/Src/stm32l0xx_hal_gpio.c **** @verbatim
 372:Drivers/STM32L0xx_HAL_Driver/Src/stm32l0xx_hal_gpio.c ****  ===============================================================================
 373:Drivers/STM32L0xx_HAL_Driver/Src/stm32l0xx_hal_gpio.c ****                        ##### IO operation functions #####
 374:Drivers/STM32L0xx_HAL_Driver/Src/stm32l0xx_hal_gpio.c ****  ===============================================================================
 375:Drivers/STM32L0xx_HAL_Driver/Src/stm32l0xx_hal_gpio.c **** 
 376:Drivers/STM32L0xx_HAL_Driver/Src/stm32l0xx_hal_gpio.c **** @endverbatim
 377:Drivers/STM32L0xx_HAL_Driver/Src/stm32l0xx_hal_gpio.c ****   * @{
 378:Drivers/STM32L0xx_HAL_Driver/Src/stm32l0xx_hal_gpio.c ****   */
 379:Drivers/STM32L0xx_HAL_Driver/Src/stm32l0xx_hal_gpio.c **** 
 380:Drivers/STM32L0xx_HAL_Driver/Src/stm32l0xx_hal_gpio.c **** /**
 381:Drivers/STM32L0xx_HAL_Driver/Src/stm32l0xx_hal_gpio.c ****   * @brief  Reads the specified input port pin.
 382:Drivers/STM32L0xx_HAL_Driver/Src/stm32l0xx_hal_gpio.c ****   * @param  GPIOx: where x can be (A..E and H) to select the GPIO peripheral for STM32L0xx family d
 383:Drivers/STM32L0xx_HAL_Driver/Src/stm32l0xx_hal_gpio.c ****   *                Note that GPIOE is not available on all devices.
 384:Drivers/STM32L0xx_HAL_Driver/Src/stm32l0xx_hal_gpio.c ****   * @param  GPIO_Pin: specifies the port bit to read.
 385:Drivers/STM32L0xx_HAL_Driver/Src/stm32l0xx_hal_gpio.c ****   *                   This parameter can be GPIO_PIN_x where x can be (0..15).
 386:Drivers/STM32L0xx_HAL_Driver/Src/stm32l0xx_hal_gpio.c ****   *                   All port bits are not necessarily available on all GPIOs.
 387:Drivers/STM32L0xx_HAL_Driver/Src/stm32l0xx_hal_gpio.c ****   * @retval The input port pin value.
 388:Drivers/STM32L0xx_HAL_Driver/Src/stm32l0xx_hal_gpio.c ****   */
ARM GAS  /tmp/ccLy1hWO.s 			page 18


 389:Drivers/STM32L0xx_HAL_Driver/Src/stm32l0xx_hal_gpio.c **** GPIO_PinState HAL_GPIO_ReadPin(GPIO_TypeDef* GPIOx, uint16_t GPIO_Pin)
 390:Drivers/STM32L0xx_HAL_Driver/Src/stm32l0xx_hal_gpio.c **** {
 585              		.loc 1 390 0
 586              		.cfi_startproc
 587              		@ args = 0, pretend = 0, frame = 0
 588              		@ frame_needed = 0, uses_anonymous_args = 0
 589              		@ link register save eliminated.
 590              	.LVL55:
 391:Drivers/STM32L0xx_HAL_Driver/Src/stm32l0xx_hal_gpio.c ****   GPIO_PinState bitstatus;
 392:Drivers/STM32L0xx_HAL_Driver/Src/stm32l0xx_hal_gpio.c ****   
 393:Drivers/STM32L0xx_HAL_Driver/Src/stm32l0xx_hal_gpio.c ****   /* Check the parameters */
 394:Drivers/STM32L0xx_HAL_Driver/Src/stm32l0xx_hal_gpio.c ****   assert_param(IS_GPIO_PIN_AVAILABLE(GPIOx,GPIO_Pin));
 395:Drivers/STM32L0xx_HAL_Driver/Src/stm32l0xx_hal_gpio.c ****   
 396:Drivers/STM32L0xx_HAL_Driver/Src/stm32l0xx_hal_gpio.c ****   if((GPIOx->IDR & GPIO_Pin) != (uint32_t)GPIO_PIN_RESET)
 591              		.loc 1 396 0
 592 0000 0369     		ldr	r3, [r0, #16]
 593 0002 0B42     		tst	r3, r1
 594 0004 01D0     		beq	.L35
 397:Drivers/STM32L0xx_HAL_Driver/Src/stm32l0xx_hal_gpio.c ****   {
 398:Drivers/STM32L0xx_HAL_Driver/Src/stm32l0xx_hal_gpio.c ****     bitstatus = GPIO_PIN_SET;
 595              		.loc 1 398 0
 596 0006 0120     		movs	r0, #1
 597              	.LVL56:
 598 0008 00E0     		b	.L34
 599              	.LVL57:
 600              	.L35:
 399:Drivers/STM32L0xx_HAL_Driver/Src/stm32l0xx_hal_gpio.c ****   }
 400:Drivers/STM32L0xx_HAL_Driver/Src/stm32l0xx_hal_gpio.c ****   else
 401:Drivers/STM32L0xx_HAL_Driver/Src/stm32l0xx_hal_gpio.c ****   {
 402:Drivers/STM32L0xx_HAL_Driver/Src/stm32l0xx_hal_gpio.c ****     bitstatus = GPIO_PIN_RESET;
 601              		.loc 1 402 0
 602 000a 0020     		movs	r0, #0
 603              	.LVL58:
 604              	.L34:
 403:Drivers/STM32L0xx_HAL_Driver/Src/stm32l0xx_hal_gpio.c ****   }
 404:Drivers/STM32L0xx_HAL_Driver/Src/stm32l0xx_hal_gpio.c ****   return bitstatus;
 405:Drivers/STM32L0xx_HAL_Driver/Src/stm32l0xx_hal_gpio.c **** }
 605              		.loc 1 405 0
 606              		@ sp needed
 607 000c 7047     		bx	lr
 608              		.cfi_endproc
 609              	.LFE39:
 611 000e C046     		.section	.text.HAL_GPIO_WritePin,"ax",%progbits
 612              		.align	2
 613              		.global	HAL_GPIO_WritePin
 614              		.code	16
 615              		.thumb_func
 617              	HAL_GPIO_WritePin:
 618              	.LFB40:
 406:Drivers/STM32L0xx_HAL_Driver/Src/stm32l0xx_hal_gpio.c **** 
 407:Drivers/STM32L0xx_HAL_Driver/Src/stm32l0xx_hal_gpio.c **** /**
 408:Drivers/STM32L0xx_HAL_Driver/Src/stm32l0xx_hal_gpio.c ****   * @brief  Sets or clears the selected data port bit.
 409:Drivers/STM32L0xx_HAL_Driver/Src/stm32l0xx_hal_gpio.c ****   * 
 410:Drivers/STM32L0xx_HAL_Driver/Src/stm32l0xx_hal_gpio.c ****   * @note   This function uses GPIOx_BSRR register to allow atomic read/modify 
 411:Drivers/STM32L0xx_HAL_Driver/Src/stm32l0xx_hal_gpio.c ****   *         accesses. In this way, there is no risk of an IRQ occurring between
 412:Drivers/STM32L0xx_HAL_Driver/Src/stm32l0xx_hal_gpio.c ****   *         the read and the modify access.
 413:Drivers/STM32L0xx_HAL_Driver/Src/stm32l0xx_hal_gpio.c ****   *               
ARM GAS  /tmp/ccLy1hWO.s 			page 19


 414:Drivers/STM32L0xx_HAL_Driver/Src/stm32l0xx_hal_gpio.c ****   * @param  GPIOx: where x can be (A..E and H) to select the GPIO peripheral for STM32L0xx family d
 415:Drivers/STM32L0xx_HAL_Driver/Src/stm32l0xx_hal_gpio.c ****   *                Note that GPIOE is not available on all devices.
 416:Drivers/STM32L0xx_HAL_Driver/Src/stm32l0xx_hal_gpio.c ****   * @param  GPIO_Pin: specifies the port bit to be written.
 417:Drivers/STM32L0xx_HAL_Driver/Src/stm32l0xx_hal_gpio.c ****   *                   This parameter can be one of GPIO_PIN_x where x can be (0..15).
 418:Drivers/STM32L0xx_HAL_Driver/Src/stm32l0xx_hal_gpio.c ****   *                   All port bits are not necessarily available on all GPIOs.
 419:Drivers/STM32L0xx_HAL_Driver/Src/stm32l0xx_hal_gpio.c ****   * @param  PinState: specifies the value to be written to the selected bit.
 420:Drivers/STM32L0xx_HAL_Driver/Src/stm32l0xx_hal_gpio.c ****   *                   This parameter can be one of the GPIO_PinState enum values:
 421:Drivers/STM32L0xx_HAL_Driver/Src/stm32l0xx_hal_gpio.c ****   *                        GPIO_PIN_RESET: to clear the port pin
 422:Drivers/STM32L0xx_HAL_Driver/Src/stm32l0xx_hal_gpio.c ****   *                        GPIO_PIN_SET: to set the port pin
 423:Drivers/STM32L0xx_HAL_Driver/Src/stm32l0xx_hal_gpio.c ****   * @retval None
 424:Drivers/STM32L0xx_HAL_Driver/Src/stm32l0xx_hal_gpio.c ****   */
 425:Drivers/STM32L0xx_HAL_Driver/Src/stm32l0xx_hal_gpio.c **** void HAL_GPIO_WritePin(GPIO_TypeDef* GPIOx, uint16_t GPIO_Pin, GPIO_PinState PinState)
 426:Drivers/STM32L0xx_HAL_Driver/Src/stm32l0xx_hal_gpio.c **** {
 619              		.loc 1 426 0
 620              		.cfi_startproc
 621              		@ args = 0, pretend = 0, frame = 0
 622              		@ frame_needed = 0, uses_anonymous_args = 0
 623              		@ link register save eliminated.
 624              	.LVL59:
 427:Drivers/STM32L0xx_HAL_Driver/Src/stm32l0xx_hal_gpio.c ****   /* Check the parameters */
 428:Drivers/STM32L0xx_HAL_Driver/Src/stm32l0xx_hal_gpio.c ****   assert_param(IS_GPIO_PIN_AVAILABLE(GPIOx,GPIO_Pin));
 429:Drivers/STM32L0xx_HAL_Driver/Src/stm32l0xx_hal_gpio.c ****   assert_param(IS_GPIO_PIN_ACTION(PinState));
 430:Drivers/STM32L0xx_HAL_Driver/Src/stm32l0xx_hal_gpio.c ****   
 431:Drivers/STM32L0xx_HAL_Driver/Src/stm32l0xx_hal_gpio.c ****   if(PinState != GPIO_PIN_RESET)
 625              		.loc 1 431 0
 626 0000 002A     		cmp	r2, #0
 627 0002 01D0     		beq	.L37
 432:Drivers/STM32L0xx_HAL_Driver/Src/stm32l0xx_hal_gpio.c ****   {
 433:Drivers/STM32L0xx_HAL_Driver/Src/stm32l0xx_hal_gpio.c ****     GPIOx->BSRR = GPIO_Pin;
 628              		.loc 1 433 0
 629 0004 8161     		str	r1, [r0, #24]
 630 0006 00E0     		b	.L36
 631              	.L37:
 434:Drivers/STM32L0xx_HAL_Driver/Src/stm32l0xx_hal_gpio.c ****   }
 435:Drivers/STM32L0xx_HAL_Driver/Src/stm32l0xx_hal_gpio.c ****   else
 436:Drivers/STM32L0xx_HAL_Driver/Src/stm32l0xx_hal_gpio.c ****   {
 437:Drivers/STM32L0xx_HAL_Driver/Src/stm32l0xx_hal_gpio.c ****     GPIOx->BRR = GPIO_Pin ;
 632              		.loc 1 437 0
 633 0008 8162     		str	r1, [r0, #40]
 634              	.L36:
 438:Drivers/STM32L0xx_HAL_Driver/Src/stm32l0xx_hal_gpio.c ****   }
 439:Drivers/STM32L0xx_HAL_Driver/Src/stm32l0xx_hal_gpio.c **** }
 635              		.loc 1 439 0
 636              		@ sp needed
 637 000a 7047     		bx	lr
 638              		.cfi_endproc
 639              	.LFE40:
 641              		.section	.text.HAL_GPIO_TogglePin,"ax",%progbits
 642              		.align	2
 643              		.global	HAL_GPIO_TogglePin
 644              		.code	16
 645              		.thumb_func
 647              	HAL_GPIO_TogglePin:
 648              	.LFB41:
 440:Drivers/STM32L0xx_HAL_Driver/Src/stm32l0xx_hal_gpio.c **** 
 441:Drivers/STM32L0xx_HAL_Driver/Src/stm32l0xx_hal_gpio.c **** /**
 442:Drivers/STM32L0xx_HAL_Driver/Src/stm32l0xx_hal_gpio.c ****   * @brief  Toggles the specified GPIO pins.
ARM GAS  /tmp/ccLy1hWO.s 			page 20


 443:Drivers/STM32L0xx_HAL_Driver/Src/stm32l0xx_hal_gpio.c ****   * @param  GPIOx: Where x can be (A..E and H) to select the GPIO peripheral for STM32L0xx family d
 444:Drivers/STM32L0xx_HAL_Driver/Src/stm32l0xx_hal_gpio.c ****   *                Note that GPIOE is not available on all devices.
 445:Drivers/STM32L0xx_HAL_Driver/Src/stm32l0xx_hal_gpio.c ****   *                All port bits are not necessarily available on all GPIOs.
 446:Drivers/STM32L0xx_HAL_Driver/Src/stm32l0xx_hal_gpio.c ****   * @param  GPIO_Pin: Specifies the pins to be toggled.
 447:Drivers/STM32L0xx_HAL_Driver/Src/stm32l0xx_hal_gpio.c ****   * @retval None
 448:Drivers/STM32L0xx_HAL_Driver/Src/stm32l0xx_hal_gpio.c ****   */
 449:Drivers/STM32L0xx_HAL_Driver/Src/stm32l0xx_hal_gpio.c **** void HAL_GPIO_TogglePin(GPIO_TypeDef* GPIOx, uint16_t GPIO_Pin)
 450:Drivers/STM32L0xx_HAL_Driver/Src/stm32l0xx_hal_gpio.c **** {
 649              		.loc 1 450 0
 650              		.cfi_startproc
 651              		@ args = 0, pretend = 0, frame = 0
 652              		@ frame_needed = 0, uses_anonymous_args = 0
 653              		@ link register save eliminated.
 654              	.LVL60:
 451:Drivers/STM32L0xx_HAL_Driver/Src/stm32l0xx_hal_gpio.c ****   /* Check the parameters */
 452:Drivers/STM32L0xx_HAL_Driver/Src/stm32l0xx_hal_gpio.c ****   assert_param(IS_GPIO_PIN_AVAILABLE(GPIOx,GPIO_Pin));
 453:Drivers/STM32L0xx_HAL_Driver/Src/stm32l0xx_hal_gpio.c **** 
 454:Drivers/STM32L0xx_HAL_Driver/Src/stm32l0xx_hal_gpio.c ****   GPIOx->ODR ^= GPIO_Pin;
 655              		.loc 1 454 0
 656 0000 4369     		ldr	r3, [r0, #20]
 657 0002 5940     		eors	r1, r3
 658              	.LVL61:
 659 0004 4161     		str	r1, [r0, #20]
 455:Drivers/STM32L0xx_HAL_Driver/Src/stm32l0xx_hal_gpio.c **** }
 660              		.loc 1 455 0
 661              		@ sp needed
 662 0006 7047     		bx	lr
 663              		.cfi_endproc
 664              	.LFE41:
 666              		.section	.text.HAL_GPIO_LockPin,"ax",%progbits
 667              		.align	2
 668              		.global	HAL_GPIO_LockPin
 669              		.code	16
 670              		.thumb_func
 672              	HAL_GPIO_LockPin:
 673              	.LFB42:
 456:Drivers/STM32L0xx_HAL_Driver/Src/stm32l0xx_hal_gpio.c **** 
 457:Drivers/STM32L0xx_HAL_Driver/Src/stm32l0xx_hal_gpio.c **** /**
 458:Drivers/STM32L0xx_HAL_Driver/Src/stm32l0xx_hal_gpio.c **** * @brief  Locks GPIO Pins configuration registers.
 459:Drivers/STM32L0xx_HAL_Driver/Src/stm32l0xx_hal_gpio.c **** * @note   The locked registers are GPIOx_MODER, GPIOx_OTYPER, GPIOx_OSPEEDR,
 460:Drivers/STM32L0xx_HAL_Driver/Src/stm32l0xx_hal_gpio.c **** *         GPIOx_PUPDR, GPIOx_AFRL and GPIOx_AFRH.
 461:Drivers/STM32L0xx_HAL_Driver/Src/stm32l0xx_hal_gpio.c **** * @note   The configuration of the locked GPIO pins can no longer be modified
 462:Drivers/STM32L0xx_HAL_Driver/Src/stm32l0xx_hal_gpio.c **** *         until the next reset.
 463:Drivers/STM32L0xx_HAL_Driver/Src/stm32l0xx_hal_gpio.c **** * @param  GPIOx: where x can be (A..E and H) to select the GPIO peripheral for STM32L0xx family.
 464:Drivers/STM32L0xx_HAL_Driver/Src/stm32l0xx_hal_gpio.c **** *                Note that GPIOE is not available on all devices.
 465:Drivers/STM32L0xx_HAL_Driver/Src/stm32l0xx_hal_gpio.c **** * @param  GPIO_Pin: specifies the port bit to be locked.
 466:Drivers/STM32L0xx_HAL_Driver/Src/stm32l0xx_hal_gpio.c **** *         This parameter can be any combination of GPIO_Pin_x where x can be (0..15).
 467:Drivers/STM32L0xx_HAL_Driver/Src/stm32l0xx_hal_gpio.c **** *         All port bits are not necessarily available on all GPIOs.
 468:Drivers/STM32L0xx_HAL_Driver/Src/stm32l0xx_hal_gpio.c **** * @retval None
 469:Drivers/STM32L0xx_HAL_Driver/Src/stm32l0xx_hal_gpio.c **** */
 470:Drivers/STM32L0xx_HAL_Driver/Src/stm32l0xx_hal_gpio.c **** HAL_StatusTypeDef HAL_GPIO_LockPin(GPIO_TypeDef* GPIOx, uint16_t GPIO_Pin)
 471:Drivers/STM32L0xx_HAL_Driver/Src/stm32l0xx_hal_gpio.c **** {
 674              		.loc 1 471 0
 675              		.cfi_startproc
 676              		@ args = 0, pretend = 0, frame = 8
 677              		@ frame_needed = 0, uses_anonymous_args = 0
 678              		@ link register save eliminated.
ARM GAS  /tmp/ccLy1hWO.s 			page 21


 679              	.LVL62:
 680 0000 82B0     		sub	sp, sp, #8
 681              	.LCFI4:
 682              		.cfi_def_cfa_offset 8
 472:Drivers/STM32L0xx_HAL_Driver/Src/stm32l0xx_hal_gpio.c ****   __IO uint32_t tmp = GPIO_LCKR_LCKK;
 683              		.loc 1 472 0
 684 0002 8022     		movs	r2, #128
 685 0004 5202     		lsls	r2, r2, #9
 686 0006 0192     		str	r2, [sp, #4]
 473:Drivers/STM32L0xx_HAL_Driver/Src/stm32l0xx_hal_gpio.c **** 
 474:Drivers/STM32L0xx_HAL_Driver/Src/stm32l0xx_hal_gpio.c ****   /* Check the parameters */
 475:Drivers/STM32L0xx_HAL_Driver/Src/stm32l0xx_hal_gpio.c ****   assert_param(IS_GPIO_PIN_AVAILABLE(GPIOx,GPIO_Pin));
 476:Drivers/STM32L0xx_HAL_Driver/Src/stm32l0xx_hal_gpio.c **** 
 477:Drivers/STM32L0xx_HAL_Driver/Src/stm32l0xx_hal_gpio.c ****   /* Apply lock key write sequence */
 478:Drivers/STM32L0xx_HAL_Driver/Src/stm32l0xx_hal_gpio.c ****   tmp |= GPIO_Pin;
 687              		.loc 1 478 0
 688 0008 019B     		ldr	r3, [sp, #4]
 689 000a 0B43     		orrs	r3, r1
 690 000c 0193     		str	r3, [sp, #4]
 479:Drivers/STM32L0xx_HAL_Driver/Src/stm32l0xx_hal_gpio.c ****   /* Set LCKx bit(s): LCKK='1' + LCK[15-0] */
 480:Drivers/STM32L0xx_HAL_Driver/Src/stm32l0xx_hal_gpio.c ****   GPIOx->LCKR = tmp;
 691              		.loc 1 480 0
 692 000e 019B     		ldr	r3, [sp, #4]
 693 0010 C361     		str	r3, [r0, #28]
 481:Drivers/STM32L0xx_HAL_Driver/Src/stm32l0xx_hal_gpio.c ****   /* Reset LCKx bit(s): LCKK='0' + LCK[15-0] */
 482:Drivers/STM32L0xx_HAL_Driver/Src/stm32l0xx_hal_gpio.c ****   GPIOx->LCKR = GPIO_Pin;
 694              		.loc 1 482 0
 695 0012 C161     		str	r1, [r0, #28]
 483:Drivers/STM32L0xx_HAL_Driver/Src/stm32l0xx_hal_gpio.c ****   /* Set LCKx bit(s): LCKK='1' + LCK[15-0] */
 484:Drivers/STM32L0xx_HAL_Driver/Src/stm32l0xx_hal_gpio.c ****   GPIOx->LCKR = tmp;
 696              		.loc 1 484 0
 697 0014 019B     		ldr	r3, [sp, #4]
 698 0016 C361     		str	r3, [r0, #28]
 485:Drivers/STM32L0xx_HAL_Driver/Src/stm32l0xx_hal_gpio.c ****   /* Read LCKK bit*/
 486:Drivers/STM32L0xx_HAL_Driver/Src/stm32l0xx_hal_gpio.c ****   tmp = GPIOx->LCKR;
 699              		.loc 1 486 0
 700 0018 C369     		ldr	r3, [r0, #28]
 701 001a 0193     		str	r3, [sp, #4]
 487:Drivers/STM32L0xx_HAL_Driver/Src/stm32l0xx_hal_gpio.c **** 
 488:Drivers/STM32L0xx_HAL_Driver/Src/stm32l0xx_hal_gpio.c ****   if((GPIOx->LCKR & GPIO_LCKR_LCKK) != RESET)
 702              		.loc 1 488 0
 703 001c C369     		ldr	r3, [r0, #28]
 704 001e 1342     		tst	r3, r2
 705 0020 01D0     		beq	.L42
 489:Drivers/STM32L0xx_HAL_Driver/Src/stm32l0xx_hal_gpio.c ****   {
 490:Drivers/STM32L0xx_HAL_Driver/Src/stm32l0xx_hal_gpio.c ****     return HAL_OK;
 706              		.loc 1 490 0
 707 0022 0020     		movs	r0, #0
 708              	.LVL63:
 709 0024 00E0     		b	.L41
 710              	.LVL64:
 711              	.L42:
 491:Drivers/STM32L0xx_HAL_Driver/Src/stm32l0xx_hal_gpio.c ****   }
 492:Drivers/STM32L0xx_HAL_Driver/Src/stm32l0xx_hal_gpio.c ****   else
 493:Drivers/STM32L0xx_HAL_Driver/Src/stm32l0xx_hal_gpio.c ****   {
 494:Drivers/STM32L0xx_HAL_Driver/Src/stm32l0xx_hal_gpio.c ****     return HAL_ERROR;
 712              		.loc 1 494 0
ARM GAS  /tmp/ccLy1hWO.s 			page 22


 713 0026 0120     		movs	r0, #1
 714              	.LVL65:
 715              	.L41:
 495:Drivers/STM32L0xx_HAL_Driver/Src/stm32l0xx_hal_gpio.c ****   }
 496:Drivers/STM32L0xx_HAL_Driver/Src/stm32l0xx_hal_gpio.c **** }
 716              		.loc 1 496 0
 717 0028 02B0     		add	sp, sp, #8
 718              		@ sp needed
 719 002a 7047     		bx	lr
 720              		.cfi_endproc
 721              	.LFE42:
 723              		.section	.text.HAL_GPIO_EXTI_Callback,"ax",%progbits
 724              		.align	2
 725              		.weak	HAL_GPIO_EXTI_Callback
 726              		.code	16
 727              		.thumb_func
 729              	HAL_GPIO_EXTI_Callback:
 730              	.LFB44:
 497:Drivers/STM32L0xx_HAL_Driver/Src/stm32l0xx_hal_gpio.c **** /**
 498:Drivers/STM32L0xx_HAL_Driver/Src/stm32l0xx_hal_gpio.c ****   * @brief  This function handles EXTI interrupt request.
 499:Drivers/STM32L0xx_HAL_Driver/Src/stm32l0xx_hal_gpio.c ****   * @param  GPIO_Pin: Specifies the pins connected to the EXTI line.
 500:Drivers/STM32L0xx_HAL_Driver/Src/stm32l0xx_hal_gpio.c ****   * @retval None
 501:Drivers/STM32L0xx_HAL_Driver/Src/stm32l0xx_hal_gpio.c ****   */
 502:Drivers/STM32L0xx_HAL_Driver/Src/stm32l0xx_hal_gpio.c **** void HAL_GPIO_EXTI_IRQHandler(uint16_t GPIO_Pin)
 503:Drivers/STM32L0xx_HAL_Driver/Src/stm32l0xx_hal_gpio.c **** {
 504:Drivers/STM32L0xx_HAL_Driver/Src/stm32l0xx_hal_gpio.c ****   /* EXTI line interrupt detected */
 505:Drivers/STM32L0xx_HAL_Driver/Src/stm32l0xx_hal_gpio.c ****   if(__HAL_GPIO_EXTI_GET_IT(GPIO_Pin) != RESET) 
 506:Drivers/STM32L0xx_HAL_Driver/Src/stm32l0xx_hal_gpio.c ****   { 
 507:Drivers/STM32L0xx_HAL_Driver/Src/stm32l0xx_hal_gpio.c ****     __HAL_GPIO_EXTI_CLEAR_IT(GPIO_Pin);
 508:Drivers/STM32L0xx_HAL_Driver/Src/stm32l0xx_hal_gpio.c ****     HAL_GPIO_EXTI_Callback(GPIO_Pin);
 509:Drivers/STM32L0xx_HAL_Driver/Src/stm32l0xx_hal_gpio.c ****   }
 510:Drivers/STM32L0xx_HAL_Driver/Src/stm32l0xx_hal_gpio.c **** }
 511:Drivers/STM32L0xx_HAL_Driver/Src/stm32l0xx_hal_gpio.c **** 
 512:Drivers/STM32L0xx_HAL_Driver/Src/stm32l0xx_hal_gpio.c **** /**
 513:Drivers/STM32L0xx_HAL_Driver/Src/stm32l0xx_hal_gpio.c ****   * @brief  EXTI line detection callbacks.
 514:Drivers/STM32L0xx_HAL_Driver/Src/stm32l0xx_hal_gpio.c ****   * @param  GPIO_Pin: Specifies the pins connected to the EXTI line.
 515:Drivers/STM32L0xx_HAL_Driver/Src/stm32l0xx_hal_gpio.c ****   * @retval None
 516:Drivers/STM32L0xx_HAL_Driver/Src/stm32l0xx_hal_gpio.c ****   */
 517:Drivers/STM32L0xx_HAL_Driver/Src/stm32l0xx_hal_gpio.c **** __weak void HAL_GPIO_EXTI_Callback(uint16_t GPIO_Pin)
 518:Drivers/STM32L0xx_HAL_Driver/Src/stm32l0xx_hal_gpio.c **** {
 731              		.loc 1 518 0
 732              		.cfi_startproc
 733              		@ args = 0, pretend = 0, frame = 0
 734              		@ frame_needed = 0, uses_anonymous_args = 0
 735              		@ link register save eliminated.
 736              	.LVL66:
 519:Drivers/STM32L0xx_HAL_Driver/Src/stm32l0xx_hal_gpio.c ****   /* Prevent unused argument(s) compilation warning */
 520:Drivers/STM32L0xx_HAL_Driver/Src/stm32l0xx_hal_gpio.c ****   UNUSED(GPIO_Pin);
 521:Drivers/STM32L0xx_HAL_Driver/Src/stm32l0xx_hal_gpio.c **** 
 522:Drivers/STM32L0xx_HAL_Driver/Src/stm32l0xx_hal_gpio.c ****   /* NOTE: This function Should not be modified, when the callback is needed,
 523:Drivers/STM32L0xx_HAL_Driver/Src/stm32l0xx_hal_gpio.c ****            the HAL_GPIO_EXTI_Callback could be implemented in the user file
 524:Drivers/STM32L0xx_HAL_Driver/Src/stm32l0xx_hal_gpio.c ****    */ 
 525:Drivers/STM32L0xx_HAL_Driver/Src/stm32l0xx_hal_gpio.c **** }
 737              		.loc 1 525 0
 738              		@ sp needed
 739 0000 7047     		bx	lr
 740              		.cfi_endproc
ARM GAS  /tmp/ccLy1hWO.s 			page 23


 741              	.LFE44:
 743 0002 C046     		.section	.text.HAL_GPIO_EXTI_IRQHandler,"ax",%progbits
 744              		.align	2
 745              		.global	HAL_GPIO_EXTI_IRQHandler
 746              		.code	16
 747              		.thumb_func
 749              	HAL_GPIO_EXTI_IRQHandler:
 750              	.LFB43:
 503:Drivers/STM32L0xx_HAL_Driver/Src/stm32l0xx_hal_gpio.c ****   /* EXTI line interrupt detected */
 751              		.loc 1 503 0
 752              		.cfi_startproc
 753              		@ args = 0, pretend = 0, frame = 0
 754              		@ frame_needed = 0, uses_anonymous_args = 0
 755              	.LVL67:
 756 0000 10B5     		push	{r4, lr}
 757              	.LCFI5:
 758              		.cfi_def_cfa_offset 8
 759              		.cfi_offset 4, -8
 760              		.cfi_offset 14, -4
 505:Drivers/STM32L0xx_HAL_Driver/Src/stm32l0xx_hal_gpio.c ****   { 
 761              		.loc 1 505 0
 762 0002 044B     		ldr	r3, .L46
 763 0004 5B69     		ldr	r3, [r3, #20]
 764 0006 1842     		tst	r0, r3
 765 0008 03D0     		beq	.L44
 507:Drivers/STM32L0xx_HAL_Driver/Src/stm32l0xx_hal_gpio.c ****     HAL_GPIO_EXTI_Callback(GPIO_Pin);
 766              		.loc 1 507 0
 767 000a 024B     		ldr	r3, .L46
 768 000c 5861     		str	r0, [r3, #20]
 508:Drivers/STM32L0xx_HAL_Driver/Src/stm32l0xx_hal_gpio.c ****   }
 769              		.loc 1 508 0
 770 000e FFF7FEFF 		bl	HAL_GPIO_EXTI_Callback
 771              	.LVL68:
 772              	.L44:
 510:Drivers/STM32L0xx_HAL_Driver/Src/stm32l0xx_hal_gpio.c **** 
 773              		.loc 1 510 0
 774              		@ sp needed
 775 0012 10BD     		pop	{r4, pc}
 776              	.L47:
 777              		.align	2
 778              	.L46:
 779 0014 00040140 		.word	1073808384
 780              		.cfi_endproc
 781              	.LFE43:
 783              		.text
 784              	.Letext0:
 785              		.file 2 "/home/manojkumar/Ac6/SystemWorkbench/plugins/fr.ac6.mcu.externaltools.arm-none.linux64_1.
 786              		.file 3 "/home/manojkumar/Ac6/SystemWorkbench/plugins/fr.ac6.mcu.externaltools.arm-none.linux64_1.
 787              		.file 4 "Drivers/CMSIS/Device/ST/STM32L0xx/Include/stm32l053xx.h"
 788              		.file 5 "Drivers/CMSIS/Device/ST/STM32L0xx/Include/stm32l0xx.h"
 789              		.file 6 "Drivers/STM32L0xx_HAL_Driver/Inc/stm32l0xx_hal_def.h"
 790              		.file 7 "Drivers/STM32L0xx_HAL_Driver/Inc/stm32l0xx_hal_gpio.h"
ARM GAS  /tmp/ccLy1hWO.s 			page 24


DEFINED SYMBOLS
                            *ABS*:00000000 stm32l0xx_hal_gpio.c
     /tmp/ccLy1hWO.s:20     .text.HAL_GPIO_Init:00000000 $t
     /tmp/ccLy1hWO.s:25     .text.HAL_GPIO_Init:00000000 HAL_GPIO_Init
     /tmp/ccLy1hWO.s:363    .text.HAL_GPIO_Init:00000178 $d
     /tmp/ccLy1hWO.s:374    .text.HAL_GPIO_DeInit:00000000 $t
     /tmp/ccLy1hWO.s:379    .text.HAL_GPIO_DeInit:00000000 HAL_GPIO_DeInit
     /tmp/ccLy1hWO.s:568    .text.HAL_GPIO_DeInit:000000f4 $d
     /tmp/ccLy1hWO.s:578    .text.HAL_GPIO_ReadPin:00000000 $t
     /tmp/ccLy1hWO.s:583    .text.HAL_GPIO_ReadPin:00000000 HAL_GPIO_ReadPin
     /tmp/ccLy1hWO.s:612    .text.HAL_GPIO_WritePin:00000000 $t
     /tmp/ccLy1hWO.s:617    .text.HAL_GPIO_WritePin:00000000 HAL_GPIO_WritePin
     /tmp/ccLy1hWO.s:642    .text.HAL_GPIO_TogglePin:00000000 $t
     /tmp/ccLy1hWO.s:647    .text.HAL_GPIO_TogglePin:00000000 HAL_GPIO_TogglePin
     /tmp/ccLy1hWO.s:667    .text.HAL_GPIO_LockPin:00000000 $t
     /tmp/ccLy1hWO.s:672    .text.HAL_GPIO_LockPin:00000000 HAL_GPIO_LockPin
     /tmp/ccLy1hWO.s:724    .text.HAL_GPIO_EXTI_Callback:00000000 $t
     /tmp/ccLy1hWO.s:729    .text.HAL_GPIO_EXTI_Callback:00000000 HAL_GPIO_EXTI_Callback
     /tmp/ccLy1hWO.s:744    .text.HAL_GPIO_EXTI_IRQHandler:00000000 $t
     /tmp/ccLy1hWO.s:749    .text.HAL_GPIO_EXTI_IRQHandler:00000000 HAL_GPIO_EXTI_IRQHandler
     /tmp/ccLy1hWO.s:779    .text.HAL_GPIO_EXTI_IRQHandler:00000014 $d
                     .debug_frame:00000010 $d

NO UNDEFINED SYMBOLS
