ARM GAS  /tmp/ccZC7JHZ.s 			page 1


   1              		.syntax unified
   2              		.cpu cortex-m0plus
   3              		.fpu softvfp
   4              		.eabi_attribute 20, 1
   5              		.eabi_attribute 21, 1
   6              		.eabi_attribute 23, 3
   7              		.eabi_attribute 24, 1
   8              		.eabi_attribute 25, 1
   9              		.eabi_attribute 26, 1
  10              		.eabi_attribute 30, 1
  11              		.eabi_attribute 34, 0
  12              		.eabi_attribute 18, 4
  13              		.thumb
  14              		.syntax unified
  15              		.file	"stm32l0xx_hal_msp.c"
  16              		.text
  17              	.Ltext0:
  18              		.cfi_sections	.debug_frame
  19              		.section	.text.HAL_MspInit,"ax",%progbits
  20              		.align	2
  21              		.global	HAL_MspInit
  22              		.code	16
  23              		.thumb_func
  25              	HAL_MspInit:
  26              	.LFB37:
  27              		.file 1 "Src/stm32l0xx_hal_msp.c"
   1:Src/stm32l0xx_hal_msp.c **** /**
   2:Src/stm32l0xx_hal_msp.c ****   ******************************************************************************
   3:Src/stm32l0xx_hal_msp.c ****   * File Name          : stm32l0xx_hal_msp.c
   4:Src/stm32l0xx_hal_msp.c ****   * Description        : This file provides code for the MSP Initialization 
   5:Src/stm32l0xx_hal_msp.c ****   *                      and de-Initialization codes.
   6:Src/stm32l0xx_hal_msp.c ****   ******************************************************************************
   7:Src/stm32l0xx_hal_msp.c ****   ** This notice applies to any and all portions of this file
   8:Src/stm32l0xx_hal_msp.c ****   * that are not between comment pairs USER CODE BEGIN and
   9:Src/stm32l0xx_hal_msp.c ****   * USER CODE END. Other portions of this file, whether 
  10:Src/stm32l0xx_hal_msp.c ****   * inserted by the user or by software development tools
  11:Src/stm32l0xx_hal_msp.c ****   * are owned by their respective copyright owners.
  12:Src/stm32l0xx_hal_msp.c ****   *
  13:Src/stm32l0xx_hal_msp.c ****   * COPYRIGHT(c) 2017 STMicroelectronics
  14:Src/stm32l0xx_hal_msp.c ****   *
  15:Src/stm32l0xx_hal_msp.c ****   * Redistribution and use in source and binary forms, with or without modification,
  16:Src/stm32l0xx_hal_msp.c ****   * are permitted provided that the following conditions are met:
  17:Src/stm32l0xx_hal_msp.c ****   *   1. Redistributions of source code must retain the above copyright notice,
  18:Src/stm32l0xx_hal_msp.c ****   *      this list of conditions and the following disclaimer.
  19:Src/stm32l0xx_hal_msp.c ****   *   2. Redistributions in binary form must reproduce the above copyright notice,
  20:Src/stm32l0xx_hal_msp.c ****   *      this list of conditions and the following disclaimer in the documentation
  21:Src/stm32l0xx_hal_msp.c ****   *      and/or other materials provided with the distribution.
  22:Src/stm32l0xx_hal_msp.c ****   *   3. Neither the name of STMicroelectronics nor the names of its contributors
  23:Src/stm32l0xx_hal_msp.c ****   *      may be used to endorse or promote products derived from this software
  24:Src/stm32l0xx_hal_msp.c ****   *      without specific prior written permission.
  25:Src/stm32l0xx_hal_msp.c ****   *
  26:Src/stm32l0xx_hal_msp.c ****   * THIS SOFTWARE IS PROVIDED BY THE COPYRIGHT HOLDERS AND CONTRIBUTORS "AS IS"
  27:Src/stm32l0xx_hal_msp.c ****   * AND ANY EXPRESS OR IMPLIED WARRANTIES, INCLUDING, BUT NOT LIMITED TO, THE
  28:Src/stm32l0xx_hal_msp.c ****   * IMPLIED WARRANTIES OF MERCHANTABILITY AND FITNESS FOR A PARTICULAR PURPOSE ARE
  29:Src/stm32l0xx_hal_msp.c ****   * DISCLAIMED. IN NO EVENT SHALL THE COPYRIGHT HOLDER OR CONTRIBUTORS BE LIABLE
  30:Src/stm32l0xx_hal_msp.c ****   * FOR ANY DIRECT, INDIRECT, INCIDENTAL, SPECIAL, EXEMPLARY, OR CONSEQUENTIAL
  31:Src/stm32l0xx_hal_msp.c ****   * DAMAGES (INCLUDING, BUT NOT LIMITED TO, PROCUREMENT OF SUBSTITUTE GOODS OR
ARM GAS  /tmp/ccZC7JHZ.s 			page 2


  32:Src/stm32l0xx_hal_msp.c ****   * SERVICES; LOSS OF USE, DATA, OR PROFITS; OR BUSINESS INTERRUPTION) HOWEVER
  33:Src/stm32l0xx_hal_msp.c ****   * CAUSED AND ON ANY THEORY OF LIABILITY, WHETHER IN CONTRACT, STRICT LIABILITY,
  34:Src/stm32l0xx_hal_msp.c ****   * OR TORT (INCLUDING NEGLIGENCE OR OTHERWISE) ARISING IN ANY WAY OUT OF THE USE
  35:Src/stm32l0xx_hal_msp.c ****   * OF THIS SOFTWARE, EVEN IF ADVISED OF THE POSSIBILITY OF SUCH DAMAGE.
  36:Src/stm32l0xx_hal_msp.c ****   *
  37:Src/stm32l0xx_hal_msp.c ****   ******************************************************************************
  38:Src/stm32l0xx_hal_msp.c ****   */
  39:Src/stm32l0xx_hal_msp.c **** /* Includes ------------------------------------------------------------------*/
  40:Src/stm32l0xx_hal_msp.c **** #include "stm32l0xx_hal.h"
  41:Src/stm32l0xx_hal_msp.c **** 
  42:Src/stm32l0xx_hal_msp.c **** extern void _Error_Handler(char *, int);
  43:Src/stm32l0xx_hal_msp.c **** /* USER CODE BEGIN 0 */
  44:Src/stm32l0xx_hal_msp.c **** 
  45:Src/stm32l0xx_hal_msp.c **** /* USER CODE END 0 */
  46:Src/stm32l0xx_hal_msp.c **** /**
  47:Src/stm32l0xx_hal_msp.c ****   * Initializes the Global MSP.
  48:Src/stm32l0xx_hal_msp.c ****   */
  49:Src/stm32l0xx_hal_msp.c **** void HAL_MspInit(void)
  50:Src/stm32l0xx_hal_msp.c **** {
  28              		.loc 1 50 0
  29              		.cfi_startproc
  30              		@ args = 0, pretend = 0, frame = 0
  31              		@ frame_needed = 0, uses_anonymous_args = 0
  32 0000 10B5     		push	{r4, lr}
  33              	.LCFI0:
  34              		.cfi_def_cfa_offset 8
  35              		.cfi_offset 4, -8
  36              		.cfi_offset 14, -4
  51:Src/stm32l0xx_hal_msp.c ****   /* USER CODE BEGIN MspInit 0 */
  52:Src/stm32l0xx_hal_msp.c **** 
  53:Src/stm32l0xx_hal_msp.c ****   /* USER CODE END MspInit 0 */
  54:Src/stm32l0xx_hal_msp.c **** 
  55:Src/stm32l0xx_hal_msp.c ****   __HAL_RCC_SYSCFG_CLK_ENABLE();
  37              		.loc 1 55 0
  38 0002 0E4B     		ldr	r3, .L2
  39 0004 596B     		ldr	r1, [r3, #52]
  40 0006 0122     		movs	r2, #1
  41 0008 0A43     		orrs	r2, r1
  42 000a 5A63     		str	r2, [r3, #52]
  56:Src/stm32l0xx_hal_msp.c ****   __HAL_RCC_PWR_CLK_ENABLE();
  43              		.loc 1 56 0
  44 000c 9A6B     		ldr	r2, [r3, #56]
  45 000e 8021     		movs	r1, #128
  46 0010 4905     		lsls	r1, r1, #21
  47 0012 0A43     		orrs	r2, r1
  48 0014 9A63     		str	r2, [r3, #56]
  57:Src/stm32l0xx_hal_msp.c **** 
  58:Src/stm32l0xx_hal_msp.c ****   /* System interrupt init*/
  59:Src/stm32l0xx_hal_msp.c ****   /* SVC_IRQn interrupt configuration */
  60:Src/stm32l0xx_hal_msp.c ****   HAL_NVIC_SetPriority(SVC_IRQn, 0, 0);
  49              		.loc 1 60 0
  50 0016 0022     		movs	r2, #0
  51 0018 0021     		movs	r1, #0
  52 001a 0520     		movs	r0, #5
  53 001c 4042     		rsbs	r0, r0, #0
  54 001e FFF7FEFF 		bl	HAL_NVIC_SetPriority
  55              	.LVL0:
ARM GAS  /tmp/ccZC7JHZ.s 			page 3


  61:Src/stm32l0xx_hal_msp.c ****   /* PendSV_IRQn interrupt configuration */
  62:Src/stm32l0xx_hal_msp.c ****   HAL_NVIC_SetPriority(PendSV_IRQn, 0, 0);
  56              		.loc 1 62 0
  57 0022 0022     		movs	r2, #0
  58 0024 0021     		movs	r1, #0
  59 0026 0220     		movs	r0, #2
  60 0028 4042     		rsbs	r0, r0, #0
  61 002a FFF7FEFF 		bl	HAL_NVIC_SetPriority
  62              	.LVL1:
  63:Src/stm32l0xx_hal_msp.c ****   /* SysTick_IRQn interrupt configuration */
  64:Src/stm32l0xx_hal_msp.c ****   HAL_NVIC_SetPriority(SysTick_IRQn, 0, 0);
  63              		.loc 1 64 0
  64 002e 0022     		movs	r2, #0
  65 0030 0021     		movs	r1, #0
  66 0032 0120     		movs	r0, #1
  67 0034 4042     		rsbs	r0, r0, #0
  68 0036 FFF7FEFF 		bl	HAL_NVIC_SetPriority
  69              	.LVL2:
  65:Src/stm32l0xx_hal_msp.c **** 
  66:Src/stm32l0xx_hal_msp.c ****   /* USER CODE BEGIN MspInit 1 */
  67:Src/stm32l0xx_hal_msp.c **** 
  68:Src/stm32l0xx_hal_msp.c ****   /* USER CODE END MspInit 1 */
  69:Src/stm32l0xx_hal_msp.c **** }
  70              		.loc 1 69 0
  71              		@ sp needed
  72 003a 10BD     		pop	{r4, pc}
  73              	.L3:
  74              		.align	2
  75              	.L2:
  76 003c 00100240 		.word	1073876992
  77              		.cfi_endproc
  78              	.LFE37:
  80              		.text
  81              	.Letext0:
  82              		.file 2 "/home/manojkumar/Ac6/SystemWorkbench/plugins/fr.ac6.mcu.externaltools.arm-none.linux64_1.
  83              		.file 3 "/home/manojkumar/Ac6/SystemWorkbench/plugins/fr.ac6.mcu.externaltools.arm-none.linux64_1.
  84              		.file 4 "Drivers/CMSIS/Device/ST/STM32L0xx/Include/stm32l053xx.h"
  85              		.file 5 "Drivers/STM32L0xx_HAL_Driver/Inc/stm32l0xx_hal_cortex.h"
ARM GAS  /tmp/ccZC7JHZ.s 			page 4


DEFINED SYMBOLS
                            *ABS*:00000000 stm32l0xx_hal_msp.c
     /tmp/ccZC7JHZ.s:20     .text.HAL_MspInit:00000000 $t
     /tmp/ccZC7JHZ.s:25     .text.HAL_MspInit:00000000 HAL_MspInit
     /tmp/ccZC7JHZ.s:76     .text.HAL_MspInit:0000003c $d
                     .debug_frame:00000010 $d

UNDEFINED SYMBOLS
HAL_NVIC_SetPriority
